2024-01-02 00:36:04,413 INFO:Starting processing C20 files for: 0degC
2024-01-02 00:36:04,422 INFO:Starting processing C20 files for: 10degC
2024-01-02 00:36:04,439 INFO:Starting processing C20 files for: 25degC
2024-01-02 00:36:04,468 INFO:Starting processing C20 files for: 40degC
2024-01-02 00:36:04,922 INFO:Completed processing C20 files for: 0degC
2024-01-02 00:36:04,923 INFO:Starting processing C20 files for: n10degC
2024-01-02 00:36:04,945 INFO:Completed processing C20 files for: 10degC
2024-01-02 00:36:04,946 INFO:Starting processing C20 files for: n20degC
2024-01-02 00:36:05,033 INFO:Completed processing C20 files for: 25degC
2024-01-02 00:36:05,080 INFO:Completed processing C20 files for: 40degC
2024-01-02 00:36:05,365 INFO:Completed processing C20 files for: n20degC
2024-01-02 00:36:05,366 INFO:Completed processing C20 files for: n10degC
2024-01-02 00:36:08,888 INFO:Starting processing for: 585_C20DisCh @ 0degC
2024-01-02 00:36:08,891 INFO:Starting processing for: 585_Dis_0p5C @ 0degC
2024-01-02 00:36:08,902 INFO:Starting processing for: 585_Dis_2C @ 0degC
2024-01-02 00:36:08,916 INFO:Starting processing for: 585_HPPC @ 0degC
2024-01-02 00:36:08,984 WARNING:Interpolation error: A value (4.18799) in x_new is above the interpolation range's maximum value (4.16273).. Switching to direct SoC calculation.
2024-01-02 00:36:08,984 WARNING:Initial capacity is not valid. Setting initial capacity to a small positive value.
2024-01-02 00:36:08,986 WARNING:Initial capacity is not valid. Setting initial capacity to a small positive value.
2024-01-02 00:36:08,987 WARNING:Interpolation error: A value (4.18782) in x_new is above the interpolation range's maximum value (4.16273).. Switching to direct SoC calculation.
2024-01-02 00:36:08,988 WARNING:Initial capacity is not valid. Setting initial capacity to a small positive value.
2024-01-02 00:36:08,990 WARNING:Initial capacity is not valid. Setting initial capacity to a small positive value.
2024-01-02 00:36:09,550 WARNING:Interpolation error: A value (4.1745) in x_new is above the interpolation range's maximum value (4.16273).. Switching to direct SoC calculation.
2024-01-02 00:36:09,551 WARNING:Initial capacity is not valid. Setting initial capacity to a small positive value.
2024-01-02 00:36:09,558 WARNING:Initial capacity is not valid. Setting initial capacity to a small positive value.
2024-01-02 00:36:12,017 INFO:Completed processing for: 585_Dis_2C @ 0degC
2024-01-02 00:36:12,018 INFO:Starting processing for: 589_Cap_1C @ 0degC
C
2024-01-02 00:36:12,018 INFO:Starting processing for: 589_Charge1 @ 0degC
2024-01-02 00:36:12,061 WARNING:Interpolation error: A value (4.19169) in x_new is above the interpolation range's maximum value (4.16273).. Switching to direct SoC calculation.
2024-01-02 00:36:12,061 WARNING:Initial capacity is not valid. Setting initial capacity to a small positive value.
2024-01-02 00:36:12,064 WARNING:Initial capacity is not valid. Setting initial capacity to a small positive value.
2024-01-02 00:36:12,123 WARNING:Initial capacity is not valid. Setting initial capacity to a small positive value.
2024-01-02 00:36:12,450 INFO:Completed processing for: 585_C20DisCh @ 0degC
2024-01-02 00:36:12,450 INFO:Starting processing for: 589_Charge2 @ 0degC
2024-01-02 00:36:12,524 WARNING:Interpolation error: A value (4.18799) in x_new is above the interpolation range's maximum value (4.16273).. Switching to direct SoC calculation.
2024-01-02 00:36:12,524 WARNING:Initial capacity is not valid. Setting initial capacity to a small positive value.
2024-01-02 00:36:12,526 WARNING:Initial capacity is not valid. Setting initial capacity to a small positive value.
2024-01-02 00:36:12,926 INFO:Completed processing for: 589_Charge1 @ 0degC
2024-01-02 00:36:12,927 INFO:Starting processing for: 589_Charge3 @ 0degC
2024-01-02 00:36:12,984 WARNING:Interpolation error: A value (4.18799) in x_new is above the interpolation range's maximum value (4.16273).. Switching to direct SoC calculation.
2024-01-02 00:36:12,984 WARNING:Initial capacity is not valid. Setting initial capacity to a small positive value.
2024-01-02 00:36:12,986 WARNING:Initial capacity is not valid. Setting initial capacity to a small positive value.
2024-01-02 00:36:13,016 INFO:Completed processing for: 589_Cap_1C @ 0degC
2024-01-02 00:36:13,016 INFO:Starting processing for: 589_Charge4 @ 0degC
2024-01-02 00:36:13,086 WARNING:Interpolation error: A value (4.18799) in x_new is above the interpolation range's maximum value (4.16273).. Switching to direct SoC calculation.
2024-01-02 00:36:13,087 WARNING:Initial capacity is not valid. Setting initial capacity to a small positive value.
2024-01-02 00:36:13,089 WARNING:Initial capacity is not valid. Setting initial capacity to a small positive value.
2024-01-02 00:36:13,524 INFO:Completed processing for: 589_Charge2 @ 0degC
2024-01-02 00:36:13,524 INFO:Starting processing for: 589_Charge5 @ 0degC
2024-01-02 00:36:13,582 WARNING:Interpolation error: A value (4.18799) in x_new is above the interpolation range's maximum value (4.16273).. Switching to direct SoC calculation.
2024-01-02 00:36:13,583 WARNING:Initial capacity is not valid. Setting initial capacity to a small positive value.
2024-01-02 00:36:13,586 WARNING:Initial capacity is not valid. Setting initial capacity to a small positive value.
2024-01-02 00:36:13,921 INFO:Completed processing for: 589_Charge3 @ 0degC
2024-01-02 00:36:13,921 INFO:Starting processing for: 589_Charge6 @ 0degC
2024-01-02 00:36:13,975 WARNING:Interpolation error: A value (4.18765) in x_new is above the interpolation range's maximum value (4.16273).. Switching to direct SoC calculation.
2024-01-02 00:36:13,975 WARNING:Initial capacity is not valid. Setting initial capacity to a small positive value.
2024-01-02 00:36:13,977 WARNING:Initial capacity is not valid. Setting initial capacity to a small positive value.
2024-01-02 00:36:14,018 INFO:Completed processing for: 589_Charge4 @ 0degC
2024-01-02 00:36:14,018 INFO:Starting processing for: 589_Charge7 @ 0degC
2024-01-02 00:36:14,073 WARNING:Interpolation error: A value (4.18799) in x_new is above the interpolation range's maximum value (4.16273).. Switching to direct SoC calculation.
2024-01-02 00:36:14,073 WARNING:Initial capacity is not valid. Setting initial capacity to a small positive value.
2024-01-02 00:36:14,075 WARNING:Initial capacity is not valid. Setting initial capacity to a small positive value.
2024-01-02 00:36:14,463 INFO:Completed processing for: 589_Charge5 @ 0degC
2024-01-02 00:36:14,463 INFO:Starting processing for: 589_Charge8 @ 0degC
2024-01-02 00:36:14,527 WARNING:Interpolation error: A value (4.18782) in x_new is above the interpolation range's maximum value (4.16273).. Switching to direct SoC calculation.
2024-01-02 00:36:14,528 WARNING:Initial capacity is not valid. Setting initial capacity to a small positive value.
2024-01-02 00:36:14,532 WARNING:Initial capacity is not valid. Setting initial capacity to a small positive value.
2024-01-02 00:36:15,041 INFO:Completed processing for: 589_Charge6 @ 0degC
2024-01-02 00:36:15,042 INFO:Starting processing for: 589_HWFET @ 0degC
2024-01-02 00:36:15,157 INFO:Completed processing for: 589_Charge7 @ 0degC
2024-01-02 00:36:15,157 INFO:Starting processing for: 589_LA92 @ 0degC
2024-01-02 00:36:15,696 INFO:Completed processing for: 589_Charge8 @ 0degC
2024-01-02 00:36:15,696 INFO:Starting processing for: 589_Mixed1 @ 0degC
2024-01-02 00:36:21,024 WARNING:Interpolation error: A value (4.18782) in x_new is above the interpolation range's maximum value (4.16273).. Switching to direct SoC calculation.
2024-01-02 00:36:21,025 WARNING:Initial capacity is not valid. Setting initial capacity to a small positive value.
2024-01-02 00:36:21,029 WARNING:Initial capacity is not valid. Setting initial capacity to a small positive value.
2024-01-02 00:36:25,960 INFO:Completed processing for: 585_HPPC @ 0degC
2024-01-02 00:36:25,961 INFO:Starting processing for: 589_Mixed2 @ 0degC
2024-01-02 00:36:31,466 WARNING:Initial capacity is not valid. Setting initial capacity to a small positive value.
2024-01-02 00:36:33,825 INFO:Completed processing for: 589_HWFET @ 0degC
2024-01-02 00:36:33,826 INFO:Starting processing for: 589_UDDS @ 0degC
2024-01-02 00:36:38,450 WARNING:Initial capacity is not valid. Setting initial capacity to a small positive value.
2024-01-02 00:36:42,899 WARNING:Initial capacity is not valid. Setting initial capacity to a small positive value.
2024-01-02 00:36:43,956 INFO:Completed processing for: 589_Mixed1 @ 0degC
2024-01-02 00:36:43,957 INFO:Starting processing for: 589_US06 @ 0degC
2024-01-02 00:36:46,507 INFO:Completed processing for: 589_LA92 @ 0degC
2024-01-02 00:36:46,508 INFO:Starting processing for: 590_Charge10 @ 0degC
2024-01-02 00:36:46,589 WARNING:Interpolation error: A value (4.18799) in x_new is above the interpolation range's maximum value (4.16273).. Switching to direct SoC calculation.
2024-01-02 00:36:46,590 WARNING:Initial capacity is not valid. Setting initial capacity to a small positive value.
2024-01-02 00:36:46,594 WARNING:Initial capacity is not valid. Setting initial capacity to a small positive value.
2024-01-02 00:36:48,315 INFO:Completed processing for: 590_Charge10 @ 0degC
2024-01-02 00:36:48,316 INFO:Starting processing for: 590_Charge11 @ 0degC
2024-01-02 00:36:48,464 WARNING:Interpolation error: A value (4.18815) in x_new is above the interpolation range's maximum value (4.16273).. Switching to direct SoC calculation.
2024-01-02 00:36:48,465 WARNING:Initial capacity is not valid. Setting initial capacity to a small positive value.
2024-01-02 00:36:48,472 WARNING:Initial capacity is not valid. Setting initial capacity to a small positive value.
2024-01-02 00:36:50,827 INFO:Completed processing for: 590_Charge11 @ 0degC
2024-01-02 00:36:50,827 INFO:Starting processing for: 590_Charge12 @ 0degC
2024-01-02 00:36:50,968 WARNING:Interpolation error: A value (4.18799) in x_new is above the interpolation range's maximum value (4.16273).. Switching to direct SoC calculation.
2024-01-02 00:36:50,968 WARNING:Initial capacity is not valid. Setting initial capacity to a small positive value.
2024-01-02 00:36:50,978 WARNING:Initial capacity is not valid. Setting initial capacity to a small positive value.
2024-01-02 00:36:52,687 WARNING:Initial capacity is not valid. Setting initial capacity to a small positive value.
2024-01-02 00:36:53,835 INFO:Completed processing for: 590_Charge12 @ 0degC
2024-01-02 00:36:53,836 INFO:Starting processing for: 590_Charge13 @ 0degC
2024-01-02 00:36:53,998 WARNING:Interpolation error: A value (4.18799) in x_new is above the interpolation range's maximum value (4.16273).. Switching to direct SoC calculation.
2024-01-02 00:36:53,999 WARNING:Initial capacity is not valid. Setting initial capacity to a small positive value.
2024-01-02 00:36:54,005 WARNING:Initial capacity is not valid. Setting initial capacity to a small positive value.
2024-01-02 00:36:56,099 INFO:Completed processing for: 590_Charge13 @ 0degC
2024-01-02 00:36:56,102 INFO:Starting processing for: 590_Charge14 @ 0degC
2024-01-02 00:36:56,227 WARNING:Interpolation error: A value (4.18782) in x_new is above the interpolation range's maximum value (4.16273).. Switching to direct SoC calculation.
2024-01-02 00:36:56,228 WARNING:Initial capacity is not valid. Setting initial capacity to a small positive value.
2024-01-02 00:36:56,232 WARNING:Initial capacity is not valid. Setting initial capacity to a small positive value.
2024-01-02 00:36:57,162 INFO:Completed processing for: 589_Mixed2 @ 0degC
2024-01-02 00:36:57,163 INFO:Starting processing for: 590_Charge15 @ 0degC
2024-01-02 00:36:57,288 WARNING:Interpolation error: A value (4.18782) in x_new is above the interpolation range's maximum value (4.16273).. Switching to direct SoC calculation.
2024-01-02 00:36:57,288 WARNING:Initial capacity is not valid. Setting initial capacity to a small positive value.
2024-01-02 00:36:57,292 WARNING:Initial capacity is not valid. Setting initial capacity to a small positive value.
2024-01-02 00:36:57,906 INFO:Completed processing for: 590_Charge14 @ 0degC
2024-01-02 00:36:57,906 INFO:Starting processing for: 590_Charge16 @ 0degC
2024-01-02 00:36:57,986 WARNING:Interpolation error: A value (0.0) in x_new is below the interpolation range's minimum value (2.79993).. Switching to direct SoC calculation.
2024-01-02 00:36:57,986 WARNING:Initial capacity is not valid. Setting initial capacity to a small positive value.
2024-01-02 00:36:57,991 WARNING:Initial capacity is not valid. Setting initial capacity to a small positive value.
2024-01-02 00:36:58,713 INFO:Completed processing for: 590_Charge15 @ 0degC
2024-01-02 00:36:58,714 INFO:Starting processing for: 590_Mixed4 @ 0degC
2024-01-02 00:36:59,218 WARNING:Initial capacity is not valid. Setting initial capacity to a small positive value.
2024-01-02 00:36:59,410 INFO:Completed processing for: 590_Charge16 @ 0degC
2024-01-02 00:36:59,411 INFO:Starting processing for: 590_Mixed5 @ 0degC
2024-01-02 00:37:01,165 INFO:Completed processing for: 589_US06 @ 0degC
2024-01-02 00:37:01,166 INFO:Starting processing for: 590_Mixed6 @ 0degC
2024-01-02 00:37:18,173 WARNING:Initial capacity is not valid. Setting initial capacity to a small positive value.
2024-01-02 00:37:18,856 WARNING:Initial capacity is not valid. Setting initial capacity to a small positive value.
2024-01-02 00:37:19,532 WARNING:Initial capacity is not valid. Setting initial capacity to a small positive value.
2024-01-02 00:37:21,134 INFO:Completed processing for: 590_Mixed5 @ 0degC
2024-01-02 00:37:21,135 INFO:Starting processing for: 590_Mixed7 @ 0degC
2024-01-02 00:37:21,844 INFO:Completed processing for: 590_Mixed4 @ 0degC
2024-01-02 00:37:21,845 INFO:Starting processing for: 590_Mixed8 @ 0degC
2024-01-02 00:37:22,583 INFO:Completed processing for: 590_Mixed6 @ 0degC
2024-01-02 00:37:22,585 INFO:Starting processing for: 590_PausCycl @ 0degC
2024-01-02 00:37:23,622 WARNING:Initial capacity is not valid. Setting initial capacity to a small positive value.
2024-01-02 00:40:56,924 INFO:Starting processing C20 files for: 0degC
2024-01-02 00:40:56,924 INFO:Starting processing C20 files for: 10degC
2024-01-02 00:40:56,939 INFO:Starting processing C20 files for: 25degC
2024-01-02 00:40:56,971 INFO:Starting processing C20 files for: 40degC
2024-01-02 00:40:57,350 INFO:Completed processing C20 files for: 0degC
2024-01-02 00:40:57,350 INFO:Starting processing C20 files for: n10degC
2024-01-02 00:40:57,365 INFO:Completed processing C20 files for: 10degC
2024-01-02 00:40:57,365 INFO:Starting processing C20 files for: n20degC
2024-01-02 00:40:57,397 INFO:Completed processing C20 files for: 40degC
2024-01-02 00:40:57,397 INFO:Completed processing C20 files for: 25degC
2024-01-02 00:40:57,667 INFO:Completed processing C20 files for: n10degC
2024-01-02 00:40:57,667 INFO:Completed processing C20 files for: n20degC
2024-01-02 00:41:00,845 INFO:Starting processing for: 585_C20DisCh @ 0degC
2024-01-02 00:41:00,862 INFO:Starting processing for: 585_Dis_0p5C @ 0degC
2024-01-02 00:41:00,924 INFO:Starting processing for: 585_Dis_2C @ 0degC
2024-01-02 00:41:00,940 INFO:Starting processing for: 585_HPPC @ 0degC
2024-01-02 00:41:01,018 ERROR:Error processing: 585_Dis_0p5C @ 0degC - A value (4.18799) in x_new is above the interpolation range's maximum value (4.16273).
2024-01-02 00:41:01,018 INFO:Starting processing for: 589_Cap_1C @ 0degC
2024-01-02 00:41:01,034 ERROR:Error processing: 585_Dis_2C @ 0degC - A value (4.18782) in x_new is above the interpolation range's maximum value (4.16273).
2024-01-02 00:41:01,034 INFO:Starting processing for: 589_Charge1 @ 0degC
2024-01-02 00:41:01,080 ERROR:Error processing: 589_Charge1 @ 0degC - A value (4.19169) in x_new is above the interpolation range's maximum value (4.16273).
2024-01-02 00:41:01,096 INFO:Starting processing for: 589_Charge2 @ 0degC
2024-01-02 00:41:01,163 WARNING:Initial capacity is not valid. Setting initial capacity to a small positive value.
2024-01-02 00:41:01,179 ERROR:Error processing: 589_Charge2 @ 0degC - A value (4.18799) in x_new is above the interpolation range's maximum value (4.16273).
2024-01-02 00:41:01,179 INFO:Starting processing for: 589_Charge3 @ 0degC
2024-01-02 00:41:01,273 ERROR:Error processing: 589_Charge3 @ 0degC - A value (4.18799) in x_new is above the interpolation range's maximum value (4.16273).
2024-01-02 00:41:01,273 INFO:Starting processing for: 589_Charge4 @ 0degC
2024-01-02 00:41:01,351 ERROR:Error processing: 589_Charge4 @ 0degC - A value (4.18799) in x_new is above the interpolation range's maximum value (4.16273).
2024-01-02 00:41:01,351 INFO:Starting processing for: 589_Charge5 @ 0degC
2024-01-02 00:41:01,413 ERROR:Error processing: 589_Charge5 @ 0degC - A value (4.18799) in x_new is above the interpolation range's maximum value (4.16273).
2024-01-02 00:41:01,413 INFO:Starting processing for: 589_Charge6 @ 0degC
2024-01-02 00:41:01,464 ERROR:Error processing: 589_Charge6 @ 0degC - A value (4.18765) in x_new is above the interpolation range's maximum value (4.16273).
2024-01-02 00:41:01,464 INFO:Starting processing for: 589_Charge7 @ 0degC
2024-01-02 00:41:01,564 ERROR:Error processing: 589_Charge7 @ 0degC - A value (4.18799) in x_new is above the interpolation range's maximum value (4.16273).
2024-01-02 00:41:01,564 INFO:Starting processing for: 589_Charge8 @ 0degC
2024-01-02 00:41:01,594 ERROR:Error processing: 585_C20DisCh @ 0degC - A value (4.1745) in x_new is above the interpolation range's maximum value (4.16273).
2024-01-02 00:41:01,594 INFO:Starting processing for: 589_HWFET @ 0degC
2024-01-02 00:41:01,641 ERROR:Error processing: 589_Charge8 @ 0degC - A value (4.18782) in x_new is above the interpolation range's maximum value (4.16273).
2024-01-02 00:41:01,641 INFO:Starting processing for: 589_LA92 @ 0degC
2024-01-02 00:41:03,632 INFO:Completed processing for: 589_Cap_1C @ 0degC
2024-01-02 00:41:03,632 INFO:Starting processing for: 589_Mixed1 @ 0degC
2024-01-02 00:41:13,087 ERROR:Error processing: 585_HPPC @ 0degC - A value (4.18782) in x_new is above the interpolation range's maximum value (4.16273).
2024-01-02 00:41:13,087 INFO:Starting processing for: 589_Mixed2 @ 0degC
2024-01-02 00:41:16,048 WARNING:Initial capacity is not valid. Setting initial capacity to a small positive value.
2024-01-02 00:41:19,467 INFO:Completed processing for: 589_HWFET @ 0degC
2024-01-02 00:41:19,467 INFO:Starting processing for: 589_UDDS @ 0degC
2024-01-02 00:41:24,539 WARNING:Initial capacity is not valid. Setting initial capacity to a small positive value.
2024-01-02 00:41:27,785 WARNING:Initial capacity is not valid. Setting initial capacity to a small positive value.
2024-01-02 00:41:29,312 INFO:Completed processing for: 589_Mixed1 @ 0degC
2024-01-02 00:41:29,312 INFO:Starting processing for: 589_US06 @ 0degC
2024-01-02 00:41:34,279 INFO:Completed processing for: 589_LA92 @ 0degC
2024-01-02 00:41:34,283 INFO:Starting processing for: 590_Charge10 @ 0degC
2024-01-02 00:41:34,369 ERROR:Error processing: 590_Charge10 @ 0degC - A value (4.18799) in x_new is above the interpolation range's maximum value (4.16273).
2024-01-02 00:41:34,369 INFO:Starting processing for: 590_Charge11 @ 0degC
2024-01-02 00:41:34,503 ERROR:Error processing: 590_Charge11 @ 0degC - A value (4.18815) in x_new is above the interpolation range's maximum value (4.16273).
2024-01-02 00:41:34,504 INFO:Starting processing for: 590_Charge12 @ 0degC
2024-01-02 00:41:34,601 ERROR:Error processing: 590_Charge12 @ 0degC - A value (4.18799) in x_new is above the interpolation range's maximum value (4.16273).
2024-01-02 00:41:34,601 INFO:Starting processing for: 590_Charge13 @ 0degC
2024-01-02 00:41:34,680 ERROR:Error processing: 590_Charge13 @ 0degC - A value (4.18799) in x_new is above the interpolation range's maximum value (4.16273).
2024-01-02 00:41:34,680 INFO:Starting processing for: 590_Charge14 @ 0degC
2024-01-02 00:41:34,761 ERROR:Error processing: 590_Charge14 @ 0degC - A value (4.18782) in x_new is above the interpolation range's maximum value (4.16273).
2024-01-02 00:41:34,761 INFO:Starting processing for: 590_Charge15 @ 0degC
2024-01-02 00:41:34,844 ERROR:Error processing: 590_Charge15 @ 0degC - A value (4.18782) in x_new is above the interpolation range's maximum value (4.16273).
2024-01-02 00:41:34,845 INFO:Starting processing for: 590_Charge16 @ 0degC
2024-01-02 00:41:34,948 ERROR:Error processing: 590_Charge16 @ 0degC - A value (0.0) in x_new is below the interpolation range's minimum value (2.79993).
2024-01-02 00:41:34,948 INFO:Starting processing for: 590_Mixed4 @ 0degC
2024-01-02 00:43:29,258 INFO:Starting processing C20 files for: 0degC
2024-01-02 00:43:29,273 INFO:Starting processing C20 files for: 10degC
2024-01-02 00:43:29,273 INFO:Starting processing C20 files for: 25degC
2024-01-02 00:43:29,305 INFO:Starting processing C20 files for: 40degC
2024-01-02 00:43:29,680 INFO:Completed processing C20 files for: 0degC
2024-01-02 00:43:29,680 INFO:Starting processing C20 files for: n10degC
2024-01-02 00:43:29,696 INFO:Completed processing C20 files for: 10degC
2024-01-02 00:43:29,696 INFO:Starting processing C20 files for: n20degC
2024-01-02 00:43:29,727 INFO:Completed processing C20 files for: 40degC
2024-01-02 00:43:29,758 INFO:Completed processing C20 files for: 25degC
2024-01-02 00:43:30,008 INFO:Completed processing C20 files for: n10degC
2024-01-02 00:43:30,008 INFO:Completed processing C20 files for: n20degC
2024-01-02 00:43:33,023 INFO:Starting processing for: 585_C20DisCh @ 0degC
2024-01-02 00:43:33,023 INFO:Starting processing for: 585_Dis_0p5C @ 0degC
2024-01-02 00:43:33,039 INFO:Starting processing for: 585_Dis_2C @ 0degC
2024-01-02 00:43:33,070 INFO:Starting processing for: 585_HPPC @ 0degC
2024-01-02 00:43:33,101 ERROR:Error processing: 585_Dis_0p5C @ 0degC - A value (4.18799) in x_new is above the interpolation range's maximum value (4.16273).
2024-01-02 00:43:33,101 INFO:Starting processing for: 589_Cap_1C @ 0degC
2024-01-02 00:43:33,101 ERROR:Error processing: 585_Dis_2C @ 0degC - A value (4.18782) in x_new is above the interpolation range's maximum value (4.16273).
2024-01-02 00:43:33,101 INFO:Starting processing for: 589_Charge1 @ 0degC
2024-01-02 00:43:33,132 ERROR:Error processing: 589_Charge1 @ 0degC - A value (4.19169) in x_new is above the interpolation range's maximum value (4.16273).
2024-01-02 00:43:33,132 INFO:Starting processing for: 589_Charge2 @ 0degC
2024-01-02 00:43:33,179 ERROR:Error processing: 589_Charge2 @ 0degC - A value (4.18799) in x_new is above the interpolation range's maximum value (4.16273).
2024-01-02 00:43:33,179 INFO:Starting processing for: 589_Charge3 @ 0degC
2024-01-02 00:43:33,242 ERROR:Error processing: 589_Charge3 @ 0degC - A value (4.18799) in x_new is above the interpolation range's maximum value (4.16273).
2024-01-02 00:43:33,242 INFO:Starting processing for: 589_Charge4 @ 0degC
2024-01-02 00:43:33,290 ERROR:Error processing: 589_Charge4 @ 0degC - A value (4.18799) in x_new is above the interpolation range's maximum value (4.16273).
2024-01-02 00:43:33,290 INFO:Starting processing for: 589_Charge5 @ 0degC
2024-01-02 00:43:33,337 ERROR:Error processing: 589_Charge5 @ 0degC - A value (4.18799) in x_new is above the interpolation range's maximum value (4.16273).
2024-01-02 00:43:33,337 INFO:Starting processing for: 589_Charge6 @ 0degC
2024-01-02 00:43:33,400 ERROR:Error processing: 589_Charge6 @ 0degC - A value (4.18765) in x_new is above the interpolation range's maximum value (4.16273).
2024-01-02 00:43:33,400 INFO:Starting processing for: 589_Charge7 @ 0degC
2024-01-02 00:43:33,462 ERROR:Error processing: 589_Charge7 @ 0degC - A value (4.18799) in x_new is above the interpolation range's maximum value (4.16273).
2024-01-02 00:43:33,462 INFO:Starting processing for: 589_Charge8 @ 0degC
2024-01-02 00:43:33,462 ERROR:Error processing: 585_C20DisCh @ 0degC - A value (4.1745) in x_new is above the interpolation range's maximum value (4.16273).
2024-01-02 00:43:33,462 INFO:Starting processing for: 589_HWFET @ 0degC
2024-01-02 00:43:33,540 ERROR:Error processing: 589_Charge8 @ 0degC - A value (4.18782) in x_new is above the interpolation range's maximum value (4.16273).
2024-01-02 00:43:33,540 INFO:Starting processing for: 589_LA92 @ 0degC
2024-01-02 00:43:35,775 INFO:Completed processing for: 589_Cap_1C @ 0degC
2024-01-02 00:43:35,775 INFO:Starting processing for: 589_Mixed1 @ 0degC
2024-01-02 00:43:42,584 ERROR:Error processing: 585_HPPC @ 0degC - A value (4.18782) in x_new is above the interpolation range's maximum value (4.16273).
2024-01-02 00:43:42,584 INFO:Starting processing for: 589_Mixed2 @ 0degC
2024-01-02 00:43:50,952 INFO:Completed processing for: 589_HWFET @ 0degC
2024-01-02 00:43:50,952 INFO:Starting processing for: 589_UDDS @ 0degC
2024-01-02 00:43:57,720 INFO:Completed processing for: 589_Mixed1 @ 0degC
2024-01-02 00:43:57,720 INFO:Starting processing for: 589_US06 @ 0degC
2024-01-02 00:44:00,972 INFO:Completed processing for: 589_LA92 @ 0degC
2024-01-02 00:44:00,972 INFO:Starting processing for: 590_Charge10 @ 0degC
2024-01-02 00:44:01,050 ERROR:Error processing: 590_Charge10 @ 0degC - A value (4.18799) in x_new is above the interpolation range's maximum value (4.16273).
2024-01-02 00:44:01,050 INFO:Starting processing for: 590_Charge11 @ 0degC
2024-01-02 00:44:01,128 ERROR:Error processing: 590_Charge11 @ 0degC - A value (4.18815) in x_new is above the interpolation range's maximum value (4.16273).
2024-01-02 00:44:01,128 INFO:Starting processing for: 590_Charge12 @ 0degC
2024-01-02 00:44:01,222 ERROR:Error processing: 590_Charge12 @ 0degC - A value (4.18799) in x_new is above the interpolation range's maximum value (4.16273).
2024-01-02 00:44:01,222 INFO:Starting processing for: 590_Charge13 @ 0degC
2024-01-02 00:44:01,316 ERROR:Error processing: 590_Charge13 @ 0degC - A value (4.18799) in x_new is above the interpolation range's maximum value (4.16273).
2024-01-02 00:44:01,316 INFO:Starting processing for: 590_Charge14 @ 0degC
2024-01-02 00:44:01,410 ERROR:Error processing: 590_Charge14 @ 0degC - A value (4.18782) in x_new is above the interpolation range's maximum value (4.16273).
2024-01-02 00:44:01,410 INFO:Starting processing for: 590_Charge15 @ 0degC
2024-01-02 00:44:01,488 ERROR:Error processing: 590_Charge15 @ 0degC - A value (4.18782) in x_new is above the interpolation range's maximum value (4.16273).
2024-01-02 00:44:01,488 INFO:Starting processing for: 590_Charge16 @ 0degC
2024-01-02 00:44:01,550 ERROR:Error processing: 590_Charge16 @ 0degC - A value (0.0) in x_new is below the interpolation range's minimum value (2.79993).
2024-01-02 00:44:01,550 INFO:Starting processing for: 590_Mixed4 @ 0degC
2024-01-02 00:44:09,879 INFO:Completed processing for: 589_Mixed2 @ 0degC
2024-01-02 00:44:09,880 INFO:Starting processing for: 590_Mixed5 @ 0degC
2024-01-02 00:44:09,945 INFO:Completed processing for: 589_US06 @ 0degC
2024-01-02 00:44:09,946 INFO:Starting processing for: 590_Mixed6 @ 0degC
2024-01-02 00:44:26,593 INFO:Completed processing for: 590_Mixed4 @ 0degC
2024-01-02 00:44:26,595 INFO:Starting processing for: 590_Mixed7 @ 0degC
2024-01-02 00:44:31,160 INFO:Completed processing for: 590_Mixed6 @ 0degC
2024-01-02 00:44:31,160 INFO:Starting processing for: 590_Mixed8 @ 0degC
2024-01-02 00:44:31,833 INFO:Completed processing for: 590_Mixed5 @ 0degC
2024-01-02 00:44:31,833 INFO:Starting processing for: 590_PausCycl @ 0degC
2024-01-02 00:44:37,674 INFO:Completed processing for: 589_UDDS @ 0degC
2024-01-02 00:44:37,674 INFO:Starting processing for: 567_Charge6 @ 10degC
2024-01-02 00:44:37,829 ERROR:Error processing: 567_Charge6 @ 10degC - A value (4.18765) in x_new is above the interpolation range's maximum value (4.17301).
2024-01-02 00:44:37,829 INFO:Starting processing for: 567_Charge7 @ 10degC
2024-01-02 00:44:37,923 ERROR:Error processing: 567_Charge7 @ 10degC - A value (4.18782) in x_new is above the interpolation range's maximum value (4.17301).
2024-01-02 00:44:37,923 INFO:Starting processing for: 567_Charge8 @ 10degC
2024-01-02 00:44:38,017 ERROR:Error processing: 567_Charge8 @ 10degC - A value (4.18748) in x_new is above the interpolation range's maximum value (4.17301).
2024-01-02 00:44:38,017 INFO:Starting processing for: 567_Mixed1 @ 10degC
2024-01-02 00:44:41,104 INFO:Completed processing for: 590_PausCycl @ 0degC
2024-01-02 00:44:41,104 INFO:Starting processing for: 567_Mixed2 @ 10degC
2024-01-02 00:44:46,930 INFO:Completed processing for: 590_Mixed7 @ 0degC
2024-01-02 00:44:46,930 INFO:Starting processing for: 567_US06 @ 10degC
2024-01-02 00:44:58,499 INFO:Completed processing for: 590_Mixed8 @ 0degC
2024-01-02 00:44:58,499 INFO:Starting processing for: 571_Cap_1C @ 10degC
2024-01-02 00:44:59,656 INFO:Completed processing for: 571_Cap_1C @ 10degC
2024-01-02 00:44:59,656 INFO:Starting processing for: 571_Charge10 @ 10degC
2024-01-02 00:44:59,749 ERROR:Error processing: 571_Charge10 @ 10degC - A value (4.18782) in x_new is above the interpolation range's maximum value (4.17301).
2024-01-02 00:44:59,750 INFO:Starting processing for: 571_Charge11 @ 10degC
2024-01-02 00:44:59,822 ERROR:Error processing: 571_Charge11 @ 10degC - A value (4.18782) in x_new is above the interpolation range's maximum value (4.17301).
2024-01-02 00:44:59,822 INFO:Starting processing for: 571_Charge12 @ 10degC
2024-01-02 00:44:59,905 ERROR:Error processing: 571_Charge12 @ 10degC - A value (4.18765) in x_new is above the interpolation range's maximum value (4.17301).
2024-01-02 00:44:59,905 INFO:Starting processing for: 571_Charge13 @ 10degC
2024-01-02 00:44:59,988 ERROR:Error processing: 571_Charge13 @ 10degC - A value (4.18782) in x_new is above the interpolation range's maximum value (4.17301).
2024-01-02 00:44:59,988 INFO:Starting processing for: 571_Charge14 @ 10degC
2024-01-02 00:45:00,105 ERROR:Error processing: 571_Charge14 @ 10degC - A value (4.18782) in x_new is above the interpolation range's maximum value (4.17301).
2024-01-02 00:45:00,105 INFO:Starting processing for: 571_Charge15 @ 10degC
2024-01-02 00:45:00,174 ERROR:Error processing: 571_Charge15 @ 10degC - A value (4.18765) in x_new is above the interpolation range's maximum value (4.17301).
2024-01-02 00:45:00,174 INFO:Starting processing for: 571_Charge16 @ 10degC
2024-01-02 00:45:00,239 ERROR:Error processing: 571_Charge16 @ 10degC - A value (4.18984) in x_new is above the interpolation range's maximum value (4.17301).
2024-01-02 00:45:00,239 INFO:Starting processing for: 571_Mixed4 @ 10degC
2024-01-02 00:45:03,640 INFO:Completed processing for: 567_US06 @ 10degC
2024-01-02 00:45:03,640 INFO:Starting processing for: 571_Mixed5 @ 10degC
2024-01-02 00:45:03,906 INFO:Completed processing for: 567_Mixed1 @ 10degC
2024-01-02 00:45:03,906 INFO:Starting processing for: 571_Mixed6 @ 10degC
2024-01-02 00:45:09,694 INFO:Completed processing for: 567_Mixed2 @ 10degC
2024-01-02 00:45:09,694 INFO:Starting processing for: 571_Mixed7 @ 10degC
2024-01-02 00:45:27,333 INFO:Completed processing for: 571_Mixed4 @ 10degC
2024-01-02 00:45:27,333 INFO:Starting processing for: 571_Mixed8 @ 10degC
2024-01-02 00:45:29,349 INFO:Completed processing for: 571_Mixed5 @ 10degC
2024-01-02 00:45:29,349 INFO:Starting processing for: 571_PausCycl @ 10degC
2024-01-02 00:45:30,803 INFO:Completed processing for: 571_Mixed6 @ 10degC
2024-01-02 00:45:30,803 INFO:Starting processing for: 575_C20DisCh @ 10degC
2024-01-02 00:45:31,438 ERROR:Error processing: 575_C20DisCh @ 10degC - A value (4.18141) in x_new is above the interpolation range's maximum value (4.17301).
2024-01-02 00:45:31,438 INFO:Starting processing for: 575_Dis_0p5C @ 10degC
2024-01-02 00:45:31,568 ERROR:Error processing: 575_Dis_0p5C @ 10degC - A value (4.18748) in x_new is above the interpolation range's maximum value (4.17301).
2024-01-02 00:45:31,568 INFO:Starting processing for: 575_Dis_2C @ 10degC
2024-01-02 00:45:31,677 ERROR:Error processing: 575_Dis_2C @ 10degC - A value (4.18748) in x_new is above the interpolation range's maximum value (4.17301).
2024-01-02 00:45:31,677 INFO:Starting processing for: 575_HPPC @ 10degC
2024-01-02 00:45:33,837 INFO:Completed processing for: 571_Mixed7 @ 10degC
2024-01-02 00:45:33,837 INFO:Starting processing for: 576_Cap_1C @ 10degC
2024-01-02 00:45:35,051 INFO:Completed processing for: 576_Cap_1C @ 10degC
2024-01-02 00:45:35,051 INFO:Starting processing for: 576_Charge1 @ 10degC
2024-01-02 00:45:35,098 ERROR:Error processing: 576_Charge1 @ 10degC - A value (4.1922) in x_new is above the interpolation range's maximum value (4.17301).
2024-01-02 00:45:35,098 INFO:Starting processing for: 576_Charge2 @ 10degC
2024-01-02 00:45:35,161 ERROR:Error processing: 576_Charge2 @ 10degC - A value (4.18748) in x_new is above the interpolation range's maximum value (4.17301).
2024-01-02 00:45:35,161 INFO:Starting processing for: 576_Charge3 @ 10degC
2024-01-02 00:45:35,239 ERROR:Error processing: 576_Charge3 @ 10degC - A value (4.18731) in x_new is above the interpolation range's maximum value (4.17301).
2024-01-02 00:45:35,239 INFO:Starting processing for: 576_Charge4 @ 10degC
2024-01-02 00:45:35,330 ERROR:Error processing: 576_Charge4 @ 10degC - A value (4.18748) in x_new is above the interpolation range's maximum value (4.17301).
2024-01-02 00:45:35,330 INFO:Starting processing for: 576_HWFET @ 10degC
2024-01-02 00:45:40,104 INFO:Completed processing for: 571_PausCycl @ 10degC
2024-01-02 00:45:40,104 INFO:Starting processing for: 576_UDDS @ 10degC
2024-01-02 00:45:47,174 ERROR:Error processing: 575_HPPC @ 10degC - A value (4.18748) in x_new is above the interpolation range's maximum value (4.17301).
2024-01-02 00:45:47,174 INFO:Starting processing for: 582_LA92 @ 10degC
2024-01-02 00:45:56,971 INFO:Completed processing for: 576_HWFET @ 10degC
2024-01-02 00:45:56,986 INFO:Starting processing for: 549_C20DisCh @ 25degC
2024-01-02 00:45:58,125 ERROR:Error processing: 549_C20DisCh @ 25degC - A value (4.18799) in x_new is above the interpolation range's maximum value (4.17604).
2024-01-02 00:45:58,126 INFO:Starting processing for: 549_Charge @ 25degC
2024-01-02 00:45:58,507 ERROR:Error processing: 549_Charge @ 25degC - A value (4.18579) in x_new is above the interpolation range's maximum value (4.17604).
2024-01-02 00:45:58,507 INFO:Starting processing for: 549_Dis_0p5C @ 25degC
2024-01-02 00:45:59,982 INFO:Completed processing for: 549_Dis_0p5C @ 25degC
2024-01-02 00:45:59,982 INFO:Starting processing for: 549_Dis_2C @ 25degC
2024-01-02 00:46:00,877 INFO:Completed processing for: 571_Mixed8 @ 10degC
2024-01-02 00:46:00,877 INFO:Starting processing for: 549_HPPC @ 25degC
2024-01-02 00:46:01,104 INFO:Completed processing for: 549_Dis_2C @ 25degC
2024-01-02 00:46:01,104 INFO:Starting processing for: 551_Cap_1C @ 25degC
2024-01-02 00:46:02,269 INFO:Completed processing for: 551_Cap_1C @ 25degC
2024-01-02 00:46:02,270 INFO:Starting processing for: 551_Charge1 @ 25degC
2024-01-02 00:46:02,325 ERROR:Error processing: 551_Charge1 @ 25degC - A value (4.19271) in x_new is above the interpolation range's maximum value (4.17604).
2024-01-02 00:46:02,326 INFO:Starting processing for: 551_Charge2 @ 25degC
2024-01-02 00:46:02,396 ERROR:Error processing: 551_Charge2 @ 25degC - A value (4.18579) in x_new is above the interpolation range's maximum value (4.17604).
2024-01-02 00:46:02,396 INFO:Starting processing for: 551_Charge3 @ 25degC
2024-01-02 00:46:02,485 ERROR:Error processing: 551_Charge3 @ 25degC - A value (4.18563) in x_new is above the interpolation range's maximum value (4.17604).
2024-01-02 00:46:02,485 INFO:Starting processing for: 551_Charge4 @ 25degC
2024-01-02 00:46:02,529 ERROR:Error processing: 551_Charge4 @ 25degC - A value (4.19271) in x_new is above the interpolation range's maximum value (4.17604).
2024-01-02 00:46:02,529 INFO:Starting processing for: 551_Charge5 @ 25degC
2024-01-02 00:46:02,629 ERROR:Error processing: 551_Charge5 @ 25degC - A value (4.18579) in x_new is above the interpolation range's maximum value (4.17604).
2024-01-02 00:46:02,629 INFO:Starting processing for: 551_Charge6 @ 25degC
2024-01-02 00:46:02,712 ERROR:Error processing: 551_Charge6 @ 25degC - A value (4.18579) in x_new is above the interpolation range's maximum value (4.17604).
2024-01-02 00:46:02,712 INFO:Starting processing for: 551_Charge7 @ 25degC
2024-01-02 00:46:02,803 ERROR:Error processing: 551_Charge7 @ 25degC - A value (4.18579) in x_new is above the interpolation range's maximum value (4.17604).
2024-01-02 00:46:02,803 INFO:Starting processing for: 551_Charge8 @ 25degC
2024-01-02 00:46:02,879 ERROR:Error processing: 551_Charge8 @ 25degC - A value (4.18579) in x_new is above the interpolation range's maximum value (4.17604).
2024-01-02 00:46:02,879 INFO:Starting processing for: 551_HWFET @ 25degC
2024-01-02 00:46:04,679 ERROR:Error processing: 551_HWFET @ 25degC - A value (4.18495) in x_new is above the interpolation range's maximum value (4.17604).
2024-01-02 00:46:04,679 INFO:Starting processing for: 551_LA92 @ 25degC
2024-01-02 00:46:13,584 ERROR:Error processing: 582_LA92 @ 10degC - could not convert string to float: ''
2024-01-02 00:46:13,677 INFO:Starting processing for: 551_Mixed1 @ 25degC
2024-01-02 00:46:18,248 INFO:Completed processing for: 549_HPPC @ 25degC
2024-01-02 00:46:18,248 INFO:Starting processing for: 551_Mixed2 @ 25degC
2024-01-02 00:46:35,408 INFO:Completed processing for: 576_UDDS @ 10degC
2024-01-02 00:46:35,408 INFO:Starting processing for: 551_UDDS @ 25degC
2024-01-02 00:46:38,618 INFO:Completed processing for: 551_LA92 @ 25degC
2024-01-02 00:46:38,619 INFO:Starting processing for: 551_US06 @ 25degC
2024-01-02 00:46:38,809 INFO:Completed processing for: 551_Mixed1 @ 25degC
2024-01-02 00:46:38,809 INFO:Starting processing for: 552_Cap_1C @ 25degC
2024-01-02 00:46:40,207 INFO:Completed processing for: 552_Cap_1C @ 25degC
2024-01-02 00:46:40,209 INFO:Starting processing for: 552_Charge10 @ 25degC
2024-01-02 00:46:40,343 ERROR:Error processing: 552_Charge10 @ 25degC - A value (4.18596) in x_new is above the interpolation range's maximum value (4.17604).
2024-01-02 00:46:40,343 INFO:Starting processing for: 552_Charge11 @ 25degC
2024-01-02 00:46:40,591 ERROR:Error processing: 552_Charge11 @ 25degC - A value (4.18563) in x_new is above the interpolation range's maximum value (4.17604).
2024-01-02 00:46:40,591 INFO:Starting processing for: 552_Charge12 @ 25degC
2024-01-02 00:46:40,776 ERROR:Error processing: 552_Charge12 @ 25degC - A value (4.18579) in x_new is above the interpolation range's maximum value (4.17604).
2024-01-02 00:46:40,776 INFO:Starting processing for: 552_Charge13 @ 25degC
2024-01-02 00:46:40,877 ERROR:Error processing: 552_Charge13 @ 25degC - A value (4.18563) in x_new is above the interpolation range's maximum value (4.17604).
2024-01-02 00:46:40,877 INFO:Starting processing for: 552_Charge14 @ 25degC
2024-01-02 00:46:41,104 ERROR:Error processing: 552_Charge14 @ 25degC - A value (4.18579) in x_new is above the interpolation range's maximum value (4.17604).
2024-01-02 00:46:41,105 INFO:Starting processing for: 552_Charge15 @ 25degC
2024-01-02 00:46:41,225 ERROR:Error processing: 552_Charge15 @ 25degC - A value (4.18596) in x_new is above the interpolation range's maximum value (4.17604).
2024-01-02 00:46:41,226 INFO:Starting processing for: 552_Charge16 @ 25degC
2024-01-02 00:46:41,288 ERROR:Error processing: 552_Charge16 @ 25degC - A value (0.0) in x_new is below the interpolation range's minimum value (2.79993).
2024-01-02 00:46:41,289 INFO:Starting processing for: 552_Charge9 @ 25degC
2024-01-02 00:46:41,402 ERROR:Error processing: 552_Charge9 @ 25degC - A value (4.18579) in x_new is above the interpolation range's maximum value (4.17604).
2024-01-02 00:46:41,403 INFO:Starting processing for: 552_Mixed3 @ 25degC
2024-01-02 00:46:44,361 INFO:Completed processing for: 551_Mixed2 @ 25degC
2024-01-02 00:46:44,361 INFO:Starting processing for: 552_Mixed4 @ 25degC
2024-01-02 00:46:54,918 INFO:Completed processing for: 551_US06 @ 25degC
2024-01-02 00:46:54,918 INFO:Starting processing for: 552_Mixed5 @ 25degC
2024-01-02 00:47:09,523 INFO:Completed processing for: 552_Mixed3 @ 25degC
2024-01-02 00:47:09,525 INFO:Starting processing for: 552_Mixed6 @ 25degC
2024-01-02 00:47:14,939 INFO:Completed processing for: 552_Mixed4 @ 25degC
2024-01-02 00:47:14,955 INFO:Starting processing for: 552_Mixed7 @ 25degC
2024-01-02 00:47:21,449 INFO:Completed processing for: 552_Mixed5 @ 25degC
2024-01-02 00:47:21,449 INFO:Starting processing for: 552_Mixed8 @ 25degC
2024-01-02 00:47:38,117 INFO:Completed processing for: 551_UDDS @ 25degC
2024-01-02 00:47:38,117 INFO:Starting processing for: 552_PausCycl @ 25degC
2024-01-02 00:47:40,915 INFO:Completed processing for: 552_Mixed6 @ 25degC
2024-01-02 00:47:40,916 INFO:Starting processing for: 555_C20DisCh @ 40degC
2024-01-02 00:47:41,848 ERROR:Error processing: 555_C20DisCh @ 40degC - A value (4.19051) in x_new is above the interpolation range's maximum value (4.17351).
2024-01-02 00:47:41,849 INFO:Starting processing for: 555_Dis_0p5C @ 40degC
2024-01-02 00:47:42,030 ERROR:Error processing: 555_Dis_0p5C @ 40degC - A value (4.18259) in x_new is above the interpolation range's maximum value (4.17351).
2024-01-02 00:47:42,031 INFO:Starting processing for: 555_Dis_2C @ 40degC
2024-01-02 00:47:42,217 ERROR:Error processing: 555_Dis_2C @ 40degC - A value (4.18276) in x_new is above the interpolation range's maximum value (4.17351).
2024-01-02 00:47:42,217 INFO:Starting processing for: 555_HPPC @ 40degC
2024-01-02 00:47:45,019 INFO:Completed processing for: 552_Mixed7 @ 25degC
2024-01-02 00:47:45,019 INFO:Starting processing for: 556_Charge1 @ 40degC
2024-01-02 00:47:45,151 ERROR:Error processing: 556_Charge1 @ 40degC - A value (4.19254) in x_new is above the interpolation range's maximum value (4.17351).
2024-01-02 00:47:45,152 INFO:Starting processing for: 556_Charge2 @ 40degC
2024-01-02 00:47:45,267 ERROR:Error processing: 556_Charge2 @ 40degC - A value (4.18259) in x_new is above the interpolation range's maximum value (4.17351).
2024-01-02 00:47:45,267 INFO:Starting processing for: 556_Charge3 @ 40degC
2024-01-02 00:47:45,426 ERROR:Error processing: 556_Charge3 @ 40degC - A value (4.18242) in x_new is above the interpolation range's maximum value (4.17351).
2024-01-02 00:47:45,426 INFO:Starting processing for: 556_Charge4 @ 40degC
2024-01-02 00:47:45,561 ERROR:Error processing: 556_Charge4 @ 40degC - A value (4.18276) in x_new is above the interpolation range's maximum value (4.17351).
2024-01-02 00:47:45,561 INFO:Starting processing for: 556_Charge5 @ 40degC
2024-01-02 00:47:45,670 ERROR:Error processing: 556_Charge5 @ 40degC - A value (4.18259) in x_new is above the interpolation range's maximum value (4.17351).
2024-01-02 00:47:45,670 INFO:Starting processing for: 556_Charge6 @ 40degC
2024-01-02 00:47:45,778 ERROR:Error processing: 556_Charge6 @ 40degC - A value (4.18276) in x_new is above the interpolation range's maximum value (4.17351).
2024-01-02 00:47:45,779 INFO:Starting processing for: 556_Charge7 @ 40degC
2024-01-02 00:47:45,909 ERROR:Error processing: 556_Charge7 @ 40degC - A value (4.18276) in x_new is above the interpolation range's maximum value (4.17351).
2024-01-02 00:47:45,910 INFO:Starting processing for: 556_Charge8 @ 40degC
2024-01-02 00:47:46,001 ERROR:Error processing: 556_Charge8 @ 40degC - A value (4.18276) in x_new is above the interpolation range's maximum value (4.17351).
2024-01-02 00:47:46,001 INFO:Starting processing for: 556_HWFET @ 40degC
2024-01-02 00:47:56,830 INFO:Completed processing for: 552_Mixed8 @ 25degC
2024-01-02 00:47:56,831 INFO:Starting processing for: 556_LA92 @ 40degC
2024-01-02 00:47:57,372 ERROR:Error processing: 555_HPPC @ 40degC - A value (4.18107) in x_new is above the interpolation range's maximum value (4.17351).
2024-01-02 00:47:57,374 INFO:Starting processing for: 556_Mixed1 @ 40degC
2024-01-02 00:48:00,555 ERROR:Error processing: 552_PausCycl @ 25degC - A value (4.19456) in x_new is above the interpolation range's maximum value (4.17604).
2024-01-02 00:48:00,570 INFO:Starting processing for: 556_Mixed2 @ 40degC
2024-01-02 00:48:06,443 INFO:Completed processing for: 556_HWFET @ 40degC
2024-01-02 00:48:06,443 INFO:Starting processing for: 556_UDDS @ 40degC
2024-01-02 00:48:25,792 INFO:Completed processing for: 556_Mixed1 @ 40degC
2024-01-02 00:48:25,793 INFO:Starting processing for: 556_US06 @ 40degC
2024-01-02 00:48:29,198 INFO:Completed processing for: 556_Mixed2 @ 40degC
2024-01-02 00:48:29,199 INFO:Starting processing for: 557_Cap_1C @ 40degC
2024-01-02 00:48:30,369 INFO:Completed processing for: 557_Cap_1C @ 40degC
2024-01-02 00:48:30,369 INFO:Starting processing for: 557_Charge10 @ 40degC
2024-01-02 00:48:30,441 INFO:Completed processing for: 556_LA92 @ 40degC
2024-01-02 00:48:30,442 INFO:Starting processing for: 557_Charge9 @ 40degC
2024-01-02 00:48:30,460 ERROR:Error processing: 557_Charge10 @ 40degC - A value (0.0) in x_new is below the interpolation range's minimum value (2.79993).
2024-01-02 00:48:30,460 INFO:Starting processing for: 557_Mixed3 @ 40degC
2024-01-02 00:48:30,551 ERROR:Error processing: 557_Charge9 @ 40degC - A value (4.18343) in x_new is above the interpolation range's maximum value (4.17351).
2024-01-02 00:48:30,551 INFO:Starting processing for: 562_Charge10 @ 40degC
2024-01-02 00:48:30,750 ERROR:Error processing: 562_Charge10 @ 40degC - A value (4.18478) in x_new is above the interpolation range's maximum value (4.17351).
2024-01-02 00:48:30,752 INFO:Starting processing for: 562_Charge11 @ 40degC
2024-01-02 00:48:30,860 ERROR:Error processing: 562_Charge11 @ 40degC - A value (4.18933) in x_new is above the interpolation range's maximum value (4.17351).
2024-01-02 00:48:30,860 INFO:Starting processing for: 562_Charge12 @ 40degC
2024-01-02 00:48:31,024 ERROR:Error processing: 562_Charge12 @ 40degC - A value (4.19051) in x_new is above the interpolation range's maximum value (4.17351).
2024-01-02 00:48:31,024 INFO:Starting processing for: 562_Charge13 @ 40degC
2024-01-02 00:48:31,186 ERROR:Error processing: 562_Charge13 @ 40degC - A value (4.19051) in x_new is above the interpolation range's maximum value (4.17351).
2024-01-02 00:48:31,186 INFO:Starting processing for: 562_Charge14 @ 40degC
2024-01-02 00:48:31,285 ERROR:Error processing: 562_Charge14 @ 40degC - A value (4.19085) in x_new is above the interpolation range's maximum value (4.17351).
2024-01-02 00:48:31,285 INFO:Starting processing for: 562_Charge15 @ 40degC
2024-01-02 00:48:31,389 ERROR:Error processing: 562_Charge15 @ 40degC - A value (4.19085) in x_new is above the interpolation range's maximum value (4.17351).
2024-01-02 00:48:31,389 INFO:Starting processing for: 562_Charge16 @ 40degC
2024-01-02 00:48:31,464 ERROR:Error processing: 562_Charge16 @ 40degC - A value (4.19254) in x_new is above the interpolation range's maximum value (4.17351).
2024-01-02 00:48:31,464 INFO:Starting processing for: 562_Mixed4 @ 40degC
2024-01-02 00:48:36,671 INFO:Completed processing for: 562_Mixed4 @ 40degC
2024-01-02 00:48:36,671 INFO:Starting processing for: 562_Mixed5 @ 40degC
2024-01-02 00:48:39,823 INFO:Completed processing for: 556_US06 @ 40degC
2024-01-02 00:48:39,824 INFO:Starting processing for: 562_Mixed6 @ 40degC
2024-01-02 00:48:41,872 INFO:Completed processing for: 562_Mixed5 @ 40degC
2024-01-02 00:48:41,872 INFO:Starting processing for: 562_Mixed7 @ 40degC
2024-01-02 00:48:44,574 INFO:Completed processing for: 562_Mixed6 @ 40degC
2024-01-02 00:48:44,574 INFO:Starting processing for: 562_Mixed8 @ 40degC
2024-01-02 00:48:45,274 INFO:Completed processing for: 562_Mixed7 @ 40degC
2024-01-02 00:48:45,274 INFO:Starting processing for: 562_PausCycl @ 40degC
2024-01-02 00:48:49,318 INFO:Completed processing for: 562_PausCycl @ 40degC
2024-01-02 00:48:49,319 INFO:Starting processing for: 593_C20DisCh @ n10degC
2024-01-02 00:48:50,212 ERROR:Error processing: 593_C20DisCh @ n10degC - A value (4.1622) in x_new is above the interpolation range's maximum value (4.1366).
2024-01-02 00:48:50,212 INFO:Starting processing for: 593_Dis_0p5C @ n10degC
2024-01-02 00:48:50,375 ERROR:Error processing: 593_Dis_0p5C @ n10degC - A value (4.18731) in x_new is above the interpolation range's maximum value (4.1366).
2024-01-02 00:48:50,376 INFO:Starting processing for: 593_Dis_2C @ n10degC
2024-01-02 00:48:50,476 ERROR:Error processing: 593_Dis_2C @ n10degC - A value (4.18748) in x_new is above the interpolation range's maximum value (4.1366).
2024-01-02 00:48:50,476 INFO:Starting processing for: 593_HPPC @ n10degC
2024-01-02 00:48:50,593 INFO:Completed processing for: 562_Mixed8 @ 40degC
2024-01-02 00:48:50,593 INFO:Starting processing for: 596_Cap_1C @ n10degC
2024-01-02 00:48:52,172 INFO:Completed processing for: 596_Cap_1C @ n10degC
2024-01-02 00:48:52,173 INFO:Starting processing for: 596_Charge1 @ n10degC
2024-01-02 00:48:52,330 ERROR:Error processing: 596_Charge1 @ n10degC - A value (4.19085) in x_new is above the interpolation range's maximum value (4.1366).
2024-01-02 00:48:52,330 INFO:Starting processing for: 596_Charge2 @ n10degC
2024-01-02 00:48:52,559 ERROR:Error processing: 596_Charge2 @ n10degC - A value (4.18748) in x_new is above the interpolation range's maximum value (4.1366).
2024-01-02 00:48:52,559 INFO:Starting processing for: 596_Charge3 @ n10degC
2024-01-02 00:48:52,702 ERROR:Error processing: 596_Charge3 @ n10degC - A value (4.18748) in x_new is above the interpolation range's maximum value (4.1366).
2024-01-02 00:48:52,702 INFO:Starting processing for: 596_Charge4 @ n10degC
2024-01-02 00:48:52,828 ERROR:Error processing: 596_Charge4 @ n10degC - A value (4.18765) in x_new is above the interpolation range's maximum value (4.1366).
2024-01-02 00:48:52,828 INFO:Starting processing for: 596_Charge5 @ n10degC
2024-01-02 00:48:52,982 ERROR:Error processing: 596_Charge5 @ n10degC - A value (4.18765) in x_new is above the interpolation range's maximum value (4.1366).
2024-01-02 00:48:52,982 INFO:Starting processing for: 596_HWFET @ n10degC
2024-01-02 00:48:56,578 INFO:Completed processing for: 557_Mixed3 @ 40degC
2024-01-02 00:48:56,578 INFO:Starting processing for: 596_LA92 @ n10degC
2024-01-02 00:49:00,580 INFO:Completed processing for: 556_UDDS @ 40degC
2024-01-02 00:49:00,580 INFO:Starting processing for: 596_UDDS @ n10degC
2024-01-02 00:49:03,003 ERROR:Error processing: 593_HPPC @ n10degC - A value (4.18731) in x_new is above the interpolation range's maximum value (4.1366).
2024-01-02 00:49:03,003 INFO:Starting processing for: 601_Charge6 @ n10degC
2024-01-02 00:49:03,130 ERROR:Error processing: 601_Charge6 @ n10degC - A value (4.18748) in x_new is above the interpolation range's maximum value (4.1366).
2024-01-02 00:49:03,130 INFO:Starting processing for: 601_Charge7 @ n10degC
2024-01-02 00:49:03,246 ERROR:Error processing: 601_Charge7 @ n10degC - A value (4.18748) in x_new is above the interpolation range's maximum value (4.1366).
2024-01-02 00:49:03,247 INFO:Starting processing for: 601_Charge8 @ n10degC
2024-01-02 00:49:03,331 ERROR:Error processing: 601_Charge8 @ n10degC - A value (4.18748) in x_new is above the interpolation range's maximum value (4.1366).
2024-01-02 00:49:03,331 INFO:Starting processing for: 601_Mixed1 @ n10degC
2024-01-02 00:49:09,344 INFO:Completed processing for: 596_HWFET @ n10degC
2024-01-02 00:49:09,344 INFO:Starting processing for: 601_Mixed2 @ n10degC
2024-01-02 00:49:24,320 INFO:Completed processing for: 596_LA92 @ n10degC
2024-01-02 00:49:24,322 INFO:Starting processing for: 601_US06 @ n10degC
2024-01-02 00:49:28,773 INFO:Completed processing for: 601_Mixed1 @ n10degC
2024-01-02 00:49:28,774 INFO:Starting processing for: 602_Cap_1C @ n10degC
2024-01-02 00:49:30,741 INFO:Completed processing for: 602_Cap_1C @ n10degC
2024-01-02 00:49:30,741 INFO:Starting processing for: 602_Charge10 @ n10degC
2024-01-02 00:49:30,906 ERROR:Error processing: 602_Charge10 @ n10degC - A value (4.18731) in x_new is above the interpolation range's maximum value (4.1366).
2024-01-02 00:49:30,906 INFO:Starting processing for: 602_Charge11 @ n10degC
2024-01-02 00:49:31,132 ERROR:Error processing: 602_Charge11 @ n10degC - A value (4.18748) in x_new is above the interpolation range's maximum value (4.1366).
2024-01-02 00:49:31,133 INFO:Starting processing for: 602_Charge12 @ n10degC
2024-01-02 00:49:31,378 ERROR:Error processing: 602_Charge12 @ n10degC - A value (4.18731) in x_new is above the interpolation range's maximum value (4.1366).
2024-01-02 00:49:31,380 INFO:Starting processing for: 602_Charge17 @ n10degC
2024-01-02 00:49:31,509 ERROR:Error processing: 602_Charge17 @ n10degC - A value (4.19085) in x_new is above the interpolation range's maximum value (4.1366).
2024-01-02 00:49:31,509 INFO:Starting processing for: 602_Mixed4 @ n10degC
2024-01-02 00:49:36,820 INFO:Completed processing for: 601_Mixed2 @ n10degC
2024-01-02 00:49:36,821 INFO:Starting processing for: 602_Mixed5 @ n10degC
2024-01-02 00:49:39,974 INFO:Completed processing for: 601_US06 @ n10degC
2024-01-02 00:49:39,975 INFO:Starting processing for: 604_Charge10 @ n10degC
2024-01-02 00:49:40,114 ERROR:Error processing: 604_Charge10 @ n10degC - A value (4.18748) in x_new is above the interpolation range's maximum value (4.1366).
2024-01-02 00:49:40,114 INFO:Starting processing for: 604_Charge13 @ n10degC
2024-01-02 00:49:40,239 ERROR:Error processing: 604_Charge13 @ n10degC - A value (4.18731) in x_new is above the interpolation range's maximum value (4.1366).
2024-01-02 00:49:40,240 INFO:Starting processing for: 604_Charge14 @ n10degC
2024-01-02 00:49:40,399 ERROR:Error processing: 604_Charge14 @ n10degC - A value (4.18697) in x_new is above the interpolation range's maximum value (4.1366).
2024-01-02 00:49:40,399 INFO:Starting processing for: 604_Charge15 @ n10degC
2024-01-02 00:49:40,558 ERROR:Error processing: 604_Charge15 @ n10degC - A value (4.18731) in x_new is above the interpolation range's maximum value (4.1366).
2024-01-02 00:49:40,559 INFO:Starting processing for: 604_Charge16 @ n10degC
2024-01-02 00:49:40,694 ERROR:Error processing: 604_Charge16 @ n10degC - A value (4.18849) in x_new is above the interpolation range's maximum value (4.1366).
2024-01-02 00:49:40,694 INFO:Starting processing for: 604_Charge17 @ n10degC
2024-01-02 00:49:40,818 ERROR:Error processing: 604_Charge17 @ n10degC - A value (4.18933) in x_new is above the interpolation range's maximum value (4.1366).
2024-01-02 00:49:40,819 INFO:Starting processing for: 604_Charge9 @ n10degC
2024-01-02 00:49:41,090 ERROR:Error processing: 604_Charge9 @ n10degC - A value (4.18714) in x_new is above the interpolation range's maximum value (4.1366).
2024-01-02 00:49:41,090 INFO:Starting processing for: 604_Mixed3 @ n10degC
2024-01-02 00:49:49,132 INFO:Completed processing for: 596_UDDS @ n10degC
2024-01-02 00:49:49,132 INFO:Starting processing for: 604_Mixed6 @ n10degC
2024-01-02 00:49:59,312 INFO:Completed processing for: 602_Mixed4 @ n10degC
2024-01-02 00:49:59,313 INFO:Starting processing for: 604_Mixed7 @ n10degC
2024-01-02 00:50:02,187 INFO:Completed processing for: 602_Mixed5 @ n10degC
2024-01-02 00:50:02,187 INFO:Starting processing for: 604_Mixed8 @ n10degC
2024-01-02 00:50:04,722 INFO:Completed processing for: 604_Mixed3 @ n10degC
2024-01-02 00:50:04,722 INFO:Starting processing for: 604_PausCycl @ n10degC
2024-01-02 00:50:12,491 INFO:Completed processing for: 604_Mixed6 @ n10degC
2024-01-02 00:50:12,491 INFO:Starting processing for: 607_C20DisCh @ n20degC
2024-01-02 00:50:13,357 ERROR:Error processing: 607_C20DisCh @ n20degC - A value (4.13927) in x_new is above the interpolation range's maximum value (4.07474).
2024-01-02 00:50:13,357 INFO:Starting processing for: 607_Dis_0p5C @ n20degC
2024-01-02 00:50:13,538 ERROR:Error processing: 607_Dis_0p5C @ n20degC - A value (4.18596) in x_new is above the interpolation range's maximum value (4.07474).
2024-01-02 00:50:13,538 INFO:Starting processing for: 607_Dis_2C @ n20degC
2024-01-02 00:50:13,661 ERROR:Error processing: 607_Dis_2C @ n20degC - A value (4.1863) in x_new is above the interpolation range's maximum value (4.07474).
2024-01-02 00:50:13,661 INFO:Starting processing for: 607_HPPC @ n20degC
2024-01-02 00:50:14,984 INFO:Completed processing for: 604_PausCycl @ n10degC
2024-01-02 00:50:14,984 INFO:Starting processing for: 610_Cap_1C @ n20degC
2024-01-02 00:50:16,062 INFO:Completed processing for: 610_Cap_1C @ n20degC
2024-01-02 00:50:16,062 INFO:Starting processing for: 610_Charge1 @ n20degC
2024-01-02 00:50:16,158 ERROR:Error processing: 610_Charge1 @ n20degC - A value (4.1895) in x_new is above the interpolation range's maximum value (4.07474).
2024-01-02 00:50:16,158 INFO:Starting processing for: 610_Charge2 @ n20degC
2024-01-02 00:50:16,259 ERROR:Error processing: 610_Charge2 @ n20degC - A value (4.18647) in x_new is above the interpolation range's maximum value (4.07474).
2024-01-02 00:50:16,259 INFO:Starting processing for: 610_Charge3 @ n20degC
2024-01-02 00:50:16,343 ERROR:Error processing: 610_Charge3 @ n20degC - A value (4.1863) in x_new is above the interpolation range's maximum value (4.07474).
2024-01-02 00:50:16,343 INFO:Starting processing for: 610_Charge4 @ n20degC
2024-01-02 00:50:16,437 ERROR:Error processing: 610_Charge4 @ n20degC - A value (4.1863) in x_new is above the interpolation range's maximum value (4.07474).
2024-01-02 00:50:16,437 INFO:Starting processing for: 610_Charge5 @ n20degC
2024-01-02 00:50:16,527 ERROR:Error processing: 610_Charge5 @ n20degC - A value (4.1863) in x_new is above the interpolation range's maximum value (4.07474).
2024-01-02 00:50:16,527 INFO:Starting processing for: 610_Charge6 @ n20degC
2024-01-02 00:50:16,619 ERROR:Error processing: 610_Charge6 @ n20degC - A value (4.18647) in x_new is above the interpolation range's maximum value (4.07474).
2024-01-02 00:50:16,619 INFO:Starting processing for: 610_Charge7 @ n20degC
2024-01-02 00:50:16,697 ERROR:Error processing: 610_Charge7 @ n20degC - A value (4.1863) in x_new is above the interpolation range's maximum value (4.07474).
2024-01-02 00:50:16,697 INFO:Starting processing for: 610_Charge8 @ n20degC
2024-01-02 00:50:16,765 ERROR:Error processing: 610_Charge8 @ n20degC - A value (4.1863) in x_new is above the interpolation range's maximum value (4.07474).
2024-01-02 00:50:16,765 INFO:Starting processing for: 610_HWFET @ n20degC
2024-01-02 00:50:20,277 INFO:Completed processing for: 604_Mixed7 @ n10degC
2024-01-02 00:50:20,277 INFO:Starting processing for: 610_LA92 @ n20degC
2024-01-02 00:50:24,651 ERROR:Error processing: 607_HPPC @ n20degC - A value (4.18579) in x_new is above the interpolation range's maximum value (4.07474).
2024-01-02 00:50:24,652 INFO:Starting processing for: 610_Mixed1 @ n20degC
2024-01-02 00:50:27,552 INFO:Completed processing for: 604_Mixed8 @ n10degC
2024-01-02 00:50:27,553 INFO:Starting processing for: 610_Mixed2 @ n20degC
2024-01-02 00:50:30,248 INFO:Completed processing for: 610_HWFET @ n20degC
2024-01-02 00:50:30,248 INFO:Starting processing for: 610_UDDS @ n20degC
2024-01-02 00:50:40,787 INFO:Completed processing for: 610_LA92 @ n20degC
2024-01-02 00:50:40,787 INFO:Starting processing for: 610_US06 @ n20degC
2024-01-02 00:50:42,936 INFO:Completed processing for: 610_Mixed1 @ n20degC
2024-01-02 00:50:42,937 INFO:Starting processing for: 611_Cap_1C @ n20degC
2024-01-02 00:50:44,387 INFO:Completed processing for: 611_Cap_1C @ n20degC
2024-01-02 00:50:44,388 INFO:Starting processing for: 611_Charge10 @ n20degC
2024-01-02 00:50:44,617 ERROR:Error processing: 611_Charge10 @ n20degC - A value (4.18613) in x_new is above the interpolation range's maximum value (4.07474).
2024-01-02 00:50:44,617 INFO:Starting processing for: 611_Charge11 @ n20degC
2024-01-02 00:50:44,873 ERROR:Error processing: 611_Charge11 @ n20degC - A value (4.1863) in x_new is above the interpolation range's maximum value (4.07474).
2024-01-02 00:50:44,873 INFO:Starting processing for: 611_Charge12 @ n20degC
2024-01-02 00:50:44,984 ERROR:Error processing: 611_Charge12 @ n20degC - A value (4.18647) in x_new is above the interpolation range's maximum value (4.07474).
2024-01-02 00:50:44,984 INFO:Starting processing for: 611_Charge13 @ n20degC
2024-01-02 00:50:45,102 ERROR:Error processing: 611_Charge13 @ n20degC - A value (4.1863) in x_new is above the interpolation range's maximum value (4.07474).
2024-01-02 00:50:45,103 INFO:Starting processing for: 611_Charge14 @ n20degC
2024-01-02 00:50:45,187 ERROR:Error processing: 611_Charge14 @ n20degC - A value (4.18613) in x_new is above the interpolation range's maximum value (4.07474).
2024-01-02 00:50:45,187 INFO:Starting processing for: 611_Charge15 @ n20degC
2024-01-02 00:50:45,236 INFO:Completed processing for: 610_Mixed2 @ n20degC
2024-01-02 00:50:45,236 INFO:Starting processing for: 611_Charge17 @ n20degC
2024-01-02 00:50:45,420 ERROR:Error processing: 611_Charge15 @ n20degC - A value (4.1863) in x_new is above the interpolation range's maximum value (4.07474).
2024-01-02 00:50:45,421 INFO:Starting processing for: 611_Charge9 @ n20degC
2024-01-02 00:50:45,437 ERROR:Error processing: 611_Charge17 @ n20degC - A value (4.1895) in x_new is above the interpolation range's maximum value (4.07474).
2024-01-02 00:50:45,438 INFO:Starting processing for: 611_Mixed3 @ n20degC
2024-01-02 00:50:45,509 ERROR:Error processing: 611_Charge9 @ n20degC - A value (4.1863) in x_new is above the interpolation range's maximum value (4.07474).
2024-01-02 00:50:45,519 INFO:Starting processing for: 611_Mixed4 @ n20degC
2024-01-02 00:50:54,391 INFO:Completed processing for: 610_US06 @ n20degC
2024-01-02 00:50:54,391 INFO:Starting processing for: 611_Mixed5 @ n20degC
2024-01-02 00:51:08,898 INFO:Completed processing for: 611_Mixed3 @ n20degC
2024-01-02 00:51:08,899 INFO:Starting processing for: 611_Mixed6 @ n20degC
2024-01-02 00:51:09,291 INFO:Completed processing for: 611_Mixed4 @ n20degC
2024-01-02 00:51:09,292 INFO:Starting processing for: 611_Mixed7 @ n20degC
2024-01-02 00:51:09,639 INFO:Completed processing for: 610_UDDS @ n20degC
2024-01-02 00:51:09,642 INFO:Starting processing for: 611_Mixed8 @ n20degC
2024-01-02 00:51:18,217 INFO:Completed processing for: 611_Mixed5 @ n20degC
2024-01-02 00:51:18,219 INFO:Starting processing for: 611_PausCycl @ n20degC
2024-01-02 00:51:26,467 INFO:Completed processing for: 611_PausCycl @ n20degC
2024-01-02 00:51:28,686 INFO:Completed processing for: 611_Mixed7 @ n20degC
2024-01-02 00:51:29,370 INFO:Completed processing for: 611_Mixed6 @ n20degC
2024-01-02 00:51:31,396 INFO:Completed processing for: 611_Mixed8 @ n20degC
