2024-01-22 08:55:53,522 INFO:Starting processing C20 files for: 0degC
2024-01-22 08:55:53,547 INFO:Starting processing C20 files for: 10degC
2024-01-22 08:55:53,574 INFO:Starting processing C20 files for: 25degC
2024-01-22 08:55:53,587 INFO:Starting processing C20 files for: 40degC
2024-01-22 08:55:53,942 INFO:Completed processing C20 files for: 0degC
2024-01-22 08:55:53,942 INFO:Starting processing C20 files for: n10degC
2024-01-22 08:55:53,991 INFO:Completed processing C20 files for: 10degC
2024-01-22 08:55:53,991 INFO:Starting processing C20 files for: n20degC
2024-01-22 08:55:54,026 INFO:Completed processing C20 files for: 40degC
2024-01-22 08:55:54,069 INFO:Completed processing C20 files for: 25degC
2024-01-22 08:55:54,321 INFO:Completed processing C20 files for: n10degC
2024-01-22 08:55:54,321 INFO:Completed processing C20 files for: n20degC
2024-01-22 08:55:56,556 INFO:Starting processing for: 585_C20DisCh @ 0degC
2024-01-22 08:55:56,563 INFO:Starting processing for: 585_Dis_0p5C @ 0degC
2024-01-22 08:55:56,563 INFO:Starting processing for: 585_Dis_2C @ 0degC
2024-01-22 08:55:56,579 INFO:Starting processing for: 585_HPPC @ 0degC
2024-01-22 08:55:58,376 INFO:Completed processing for: 585_Dis_2C @ 0degC
2024-01-22 08:55:58,376 INFO:Starting processing for: 589_Cap_1C @ 0degC
2024-01-22 08:55:58,654 INFO:Completed processing for: 585_Dis_0p5C @ 0degC
2024-01-22 08:55:58,655 INFO:Starting processing for: 589_Charge1 @ 0degC
2024-01-22 08:55:59,544 INFO:Completed processing for: 585_C20DisCh @ 0degC
2024-01-22 08:55:59,545 INFO:Starting processing for: 589_Charge2 @ 0degC
2024-01-22 08:56:00,412 INFO:Completed processing for: 589_Cap_1C @ 0degC
2024-01-22 08:56:00,412 INFO:Starting processing for: 589_Charge3 @ 0degC
2024-01-22 08:56:00,547 INFO:Completed processing for: 589_Charge1 @ 0degC
2024-01-22 08:56:00,547 INFO:Starting processing for: 589_Charge4 @ 0degC
2024-01-22 08:56:01,230 INFO:Completed processing for: 589_Charge2 @ 0degC
2024-01-22 08:56:01,246 INFO:Starting processing for: 589_Charge5 @ 0degC
2024-01-22 08:56:02,082 INFO:Completed processing for: 589_Charge3 @ 0degC
2024-01-22 08:56:02,082 INFO:Starting processing for: 589_Charge6 @ 0degC
2024-01-22 08:56:02,114 INFO:Completed processing for: 589_Charge4 @ 0degC
2024-01-22 08:56:02,115 INFO:Starting processing for: 589_Charge7 @ 0degC
2024-01-22 08:56:02,856 INFO:Completed processing for: 589_Charge5 @ 0degC
2024-01-22 08:56:02,856 INFO:Starting processing for: 589_Charge8 @ 0degC
2024-01-22 08:56:03,899 INFO:Completed processing for: 589_Charge6 @ 0degC
2024-01-22 08:56:03,899 INFO:Starting processing for: 589_HWFET @ 0degC
2024-01-22 08:56:03,946 INFO:Completed processing for: 589_Charge7 @ 0degC
2024-01-22 08:56:03,947 INFO:Starting processing for: 589_LA92 @ 0degC
2024-01-22 08:56:04,970 INFO:Completed processing for: 589_Charge8 @ 0degC
2024-01-22 08:56:04,972 INFO:Starting processing for: 589_Mixed1 @ 0degC
2024-01-22 08:56:41,548 INFO:Completed processing for: 585_HPPC @ 0degC
2024-01-22 08:56:41,579 INFO:Starting processing for: 589_Mixed2 @ 0degC
2024-01-22 08:57:04,925 INFO:Completed processing for: 589_HWFET @ 0degC
2024-01-22 08:57:04,943 INFO:Starting processing for: 589_UDDS @ 0degC
2024-01-22 08:57:16,426 INFO:Completed processing for: 589_Mixed1 @ 0degC
2024-01-22 08:57:16,440 INFO:Starting processing for: 589_US06 @ 0degC
2024-01-22 08:57:24,495 INFO:Completed processing for: 589_LA92 @ 0degC
2024-01-22 08:57:24,526 INFO:Starting processing for: 590_Charge10 @ 0degC
2024-01-22 08:57:28,926 INFO:Completed processing for: 590_Charge10 @ 0degC
2024-01-22 08:57:28,926 INFO:Starting processing for: 590_Charge11 @ 0degC
2024-01-22 08:57:35,362 INFO:Completed processing for: 590_Charge11 @ 0degC
2024-01-22 08:57:35,362 INFO:Starting processing for: 590_Charge12 @ 0degC
2024-01-22 08:57:42,283 INFO:Completed processing for: 590_Charge12 @ 0degC
2024-01-22 08:57:42,284 INFO:Starting processing for: 590_Charge13 @ 0degC
2024-01-22 08:57:46,428 INFO:Completed processing for: 590_Charge13 @ 0degC
2024-01-22 08:57:46,429 INFO:Starting processing for: 590_Charge14 @ 0degC
2024-01-22 08:57:47,901 INFO:Completed processing for: 589_Mixed2 @ 0degC
2024-01-22 08:57:47,932 INFO:Starting processing for: 590_Charge15 @ 0degC
2024-01-22 08:57:49,704 INFO:Completed processing for: 590_Charge14 @ 0degC
2024-01-22 08:57:49,704 INFO:Starting processing for: 590_Charge16 @ 0degC
2024-01-22 08:57:50,671 INFO:Completed processing for: 589_US06 @ 0degC
2024-01-22 08:57:50,686 INFO:Starting processing for: 590_Mixed4 @ 0degC
2024-01-22 08:57:50,838 INFO:Completed processing for: 590_Charge15 @ 0degC
2024-01-22 08:57:50,839 INFO:Starting processing for: 590_Mixed5 @ 0degC
2024-01-22 08:57:52,719 INFO:Completed processing for: 590_Charge16 @ 0degC
2024-01-22 08:57:52,720 INFO:Starting processing for: 590_Mixed6 @ 0degC
2024-01-22 08:58:30,228 INFO:Completed processing for: 590_Mixed5 @ 0degC
2024-01-22 08:58:30,238 INFO:Starting processing for: 590_Mixed7 @ 0degC
2024-01-22 08:58:30,427 INFO:Completed processing for: 590_Mixed6 @ 0degC
2024-01-22 08:58:30,449 INFO:Starting processing for: 590_Mixed8 @ 0degC
2024-01-22 08:58:31,621 INFO:Completed processing for: 590_Mixed4 @ 0degC
2024-01-22 08:58:31,652 INFO:Starting processing for: 590_PausCycl @ 0degC
2024-01-22 08:58:41,042 INFO:Completed processing for: 589_UDDS @ 0degC
2024-01-22 08:58:41,089 INFO:Starting processing for: 567_Charge6 @ 10degC
2024-01-22 08:58:43,475 INFO:Completed processing for: 567_Charge6 @ 10degC
2024-01-22 08:58:43,475 INFO:Starting processing for: 567_Charge7 @ 10degC
2024-01-22 08:58:45,804 INFO:Completed processing for: 567_Charge7 @ 10degC
2024-01-22 08:58:45,804 INFO:Starting processing for: 567_Charge8 @ 10degC
2024-01-22 08:58:48,245 INFO:Completed processing for: 567_Charge8 @ 10degC
2024-01-22 08:58:48,245 INFO:Starting processing for: 567_Mixed1 @ 10degC
2024-01-22 08:58:48,407 INFO:Completed processing for: 590_PausCycl @ 0degC
2024-01-22 08:58:48,412 INFO:Starting processing for: 567_Mixed2 @ 10degC
2024-01-22 08:59:06,802 INFO:Completed processing for: 590_Mixed7 @ 0degC
2024-01-22 08:59:06,818 INFO:Starting processing for: 567_US06 @ 10degC
2024-01-22 08:59:14,917 INFO:Completed processing for: 590_Mixed8 @ 0degC
2024-01-22 08:59:14,933 INFO:Starting processing for: 571_Cap_1C @ 10degC
2024-01-22 08:59:17,653 INFO:Completed processing for: 571_Cap_1C @ 10degC
2024-01-22 08:59:17,653 INFO:Starting processing for: 571_Charge10 @ 10degC
2024-01-22 08:59:19,837 INFO:Completed processing for: 571_Charge10 @ 10degC
2024-01-22 08:59:19,837 INFO:Starting processing for: 571_Charge11 @ 10degC
2024-01-22 08:59:22,460 INFO:Completed processing for: 571_Charge11 @ 10degC
2024-01-22 08:59:22,460 INFO:Starting processing for: 571_Charge12 @ 10degC
2024-01-22 08:59:24,875 INFO:Completed processing for: 571_Charge12 @ 10degC
2024-01-22 08:59:24,876 INFO:Starting processing for: 571_Charge13 @ 10degC
2024-01-22 08:59:27,129 INFO:Completed processing for: 571_Charge13 @ 10degC
2024-01-22 08:59:27,130 INFO:Starting processing for: 571_Charge14 @ 10degC
2024-01-22 08:59:29,343 INFO:Completed processing for: 571_Charge14 @ 10degC
2024-01-22 08:59:29,343 INFO:Starting processing for: 571_Charge15 @ 10degC
2024-01-22 08:59:30,964 INFO:Completed processing for: 567_Mixed1 @ 10degC
2024-01-22 08:59:30,983 INFO:Starting processing for: 571_Charge16 @ 10degC
2024-01-22 08:59:31,326 INFO:Completed processing for: 567_US06 @ 10degC
2024-01-22 08:59:31,326 INFO:Starting processing for: 571_Mixed4 @ 10degC
2024-01-22 08:59:31,607 INFO:Completed processing for: 571_Charge15 @ 10degC
2024-01-22 08:59:31,608 INFO:Starting processing for: 571_Mixed5 @ 10degC
2024-01-22 08:59:33,093 INFO:Completed processing for: 571_Charge16 @ 10degC
2024-01-22 08:59:33,093 INFO:Starting processing for: 571_Mixed6 @ 10degC
2024-01-22 08:59:34,111 INFO:Completed processing for: 567_Mixed2 @ 10degC
2024-01-22 08:59:34,126 INFO:Starting processing for: 571_Mixed7 @ 10degC
2024-01-22 09:00:09,479 INFO:Completed processing for: 571_Mixed5 @ 10degC
2024-01-22 09:00:09,506 INFO:Starting processing for: 571_Mixed8 @ 10degC
2024-01-22 09:00:13,176 INFO:Completed processing for: 571_Mixed4 @ 10degC
2024-01-22 09:00:13,192 INFO:Starting processing for: 571_PausCycl @ 10degC
2024-01-22 09:00:13,233 INFO:Completed processing for: 571_Mixed7 @ 10degC
2024-01-22 09:00:13,252 INFO:Starting processing for: 575_C20DisCh @ 10degC
2024-01-22 09:00:15,045 INFO:Completed processing for: 571_Mixed6 @ 10degC
2024-01-22 09:00:15,077 INFO:Starting processing for: 575_Dis_0p5C @ 10degC
2024-01-22 09:00:16,567 INFO:Completed processing for: 575_C20DisCh @ 10degC
2024-01-22 09:00:16,568 INFO:Starting processing for: 575_Dis_2C @ 10degC
2024-01-22 09:00:17,292 INFO:Completed processing for: 575_Dis_0p5C @ 10degC
2024-01-22 09:00:17,292 INFO:Starting processing for: 575_HPPC @ 10degC
2024-01-22 09:00:18,610 INFO:Completed processing for: 575_Dis_2C @ 10degC
2024-01-22 09:00:18,610 INFO:Starting processing for: 576_Cap_1C @ 10degC
2024-01-22 09:00:20,831 INFO:Completed processing for: 576_Cap_1C @ 10degC
2024-01-22 09:00:20,831 INFO:Starting processing for: 576_Charge1 @ 10degC
2024-01-22 09:00:22,815 INFO:Completed processing for: 576_Charge1 @ 10degC
2024-01-22 09:00:22,815 INFO:Starting processing for: 576_Charge2 @ 10degC
2024-01-22 09:00:24,913 INFO:Completed processing for: 576_Charge2 @ 10degC
2024-01-22 09:00:24,913 INFO:Starting processing for: 576_Charge3 @ 10degC
2024-01-22 09:00:27,629 INFO:Completed processing for: 576_Charge3 @ 10degC
2024-01-22 09:00:27,629 INFO:Starting processing for: 576_Charge4 @ 10degC
2024-01-22 09:00:29,899 INFO:Completed processing for: 576_Charge4 @ 10degC
2024-01-22 09:00:29,899 INFO:Starting processing for: 576_HWFET @ 10degC
2024-01-22 09:00:30,284 INFO:Completed processing for: 571_PausCycl @ 10degC
2024-01-22 09:00:30,299 INFO:Starting processing for: 576_UDDS @ 10degC
2024-01-22 09:00:44,053 INFO:Completed processing for: 575_HPPC @ 10degC
2024-01-22 09:00:44,065 INFO:Starting processing for: 582_LA92 @ 10degC
2024-01-22 09:00:56,079 INFO:Completed processing for: 571_Mixed8 @ 10degC
2024-01-22 09:00:56,101 INFO:Starting processing for: 549_C20DisCh @ 25degC
2024-01-22 09:01:00,126 INFO:Completed processing for: 549_C20DisCh @ 25degC
2024-01-22 09:01:00,126 INFO:Starting processing for: 549_Charge @ 25degC
2024-01-22 09:01:00,645 INFO:Completed processing for: 576_HWFET @ 10degC
2024-01-22 09:01:00,660 INFO:Starting processing for: 549_Dis_0p5C @ 25degC
2024-01-22 09:01:00,937 ERROR:Error processing: 582_LA92 @ 10degC - could not convert string to float: ''
2024-01-22 09:01:01,007 INFO:Starting processing for: 549_Dis_2C @ 25degC
2024-01-22 09:01:02,695 INFO:Completed processing for: 549_Charge @ 25degC
2024-01-22 09:01:02,695 INFO:Starting processing for: 549_HPPC @ 25degC
2024-01-22 09:01:02,852 INFO:Completed processing for: 549_Dis_0p5C @ 25degC
2024-01-22 09:01:02,852 INFO:Starting processing for: 551_Cap_1C @ 25degC
2024-01-22 09:01:03,161 INFO:Completed processing for: 549_Dis_2C @ 25degC
2024-01-22 09:01:03,161 INFO:Starting processing for: 551_Charge1 @ 25degC
2024-01-22 09:01:05,228 INFO:Completed processing for: 551_Cap_1C @ 25degC
2024-01-22 09:01:05,228 INFO:Starting processing for: 551_Charge2 @ 25degC
2024-01-22 09:01:05,547 INFO:Completed processing for: 551_Charge1 @ 25degC
2024-01-22 09:01:05,547 INFO:Starting processing for: 551_Charge3 @ 25degC
2024-01-22 09:01:07,487 INFO:Completed processing for: 551_Charge2 @ 25degC
2024-01-22 09:01:07,487 INFO:Starting processing for: 551_Charge4 @ 25degC
2024-01-22 09:01:07,730 INFO:Completed processing for: 551_Charge3 @ 25degC
2024-01-22 09:01:07,730 INFO:Starting processing for: 551_Charge5 @ 25degC
2024-01-22 09:01:09,847 INFO:Completed processing for: 551_Charge5 @ 25degC
2024-01-22 09:01:09,848 INFO:Starting processing for: 551_Charge6 @ 25degC
2024-01-22 09:01:10,016 INFO:Completed processing for: 551_Charge4 @ 25degC
2024-01-22 09:01:10,016 INFO:Starting processing for: 551_Charge7 @ 25degC
2024-01-22 09:01:12,067 INFO:Completed processing for: 551_Charge6 @ 25degC
2024-01-22 09:01:12,067 INFO:Starting processing for: 551_Charge8 @ 25degC
2024-01-22 09:01:12,067 INFO:Completed processing for: 551_Charge7 @ 25degC
2024-01-22 09:01:12,067 INFO:Starting processing for: 551_HWFET @ 25degC
2024-01-22 09:01:14,081 INFO:Completed processing for: 551_Charge8 @ 25degC
2024-01-22 09:01:14,081 INFO:Starting processing for: 551_LA92 @ 25degC
2024-01-22 09:01:14,296 ERROR:Error processing: 551_HWFET @ 25degC - index 0 is out of bounds for axis 0 with size 0
2024-01-22 09:01:14,296 INFO:Starting processing for: 551_Mixed1 @ 25degC
2024-01-22 09:01:32,025 INFO:Completed processing for: 549_HPPC @ 25degC
2024-01-22 09:01:32,025 INFO:Starting processing for: 551_Mixed2 @ 25degC
2024-01-22 09:01:55,600 INFO:Completed processing for: 576_UDDS @ 10degC
2024-01-22 09:01:55,644 INFO:Starting processing for: 551_UDDS @ 25degC
2024-01-22 09:01:59,684 INFO:Completed processing for: 551_Mixed1 @ 25degC
2024-01-22 09:01:59,699 INFO:Starting processing for: 551_US06 @ 25degC
2024-01-22 09:02:12,055 INFO:Completed processing for: 551_LA92 @ 25degC
2024-01-22 09:02:12,086 INFO:Starting processing for: 552_Cap_1C @ 25degC
2024-01-22 09:02:14,371 INFO:Completed processing for: 552_Cap_1C @ 25degC
2024-01-22 09:02:14,371 INFO:Starting processing for: 552_Charge10 @ 25degC
2024-01-22 09:02:16,439 INFO:Completed processing for: 552_Charge10 @ 25degC
2024-01-22 09:02:16,439 INFO:Starting processing for: 552_Charge11 @ 25degC
2024-01-22 09:02:18,076 INFO:Completed processing for: 551_Mixed2 @ 25degC
2024-01-22 09:02:18,094 INFO:Starting processing for: 552_Charge12 @ 25degC
2024-01-22 09:02:18,798 INFO:Completed processing for: 552_Charge11 @ 25degC
2024-01-22 09:02:18,799 INFO:Starting processing for: 552_Charge13 @ 25degC
2024-01-22 09:02:20,439 INFO:Completed processing for: 552_Charge12 @ 25degC
2024-01-22 09:02:20,440 INFO:Starting processing for: 552_Charge14 @ 25degC
2024-01-22 09:02:21,696 INFO:Completed processing for: 552_Charge13 @ 25degC
2024-01-22 09:02:21,696 INFO:Starting processing for: 552_Charge15 @ 25degC
2024-01-22 09:02:22,760 INFO:Completed processing for: 552_Charge14 @ 25degC
2024-01-22 09:02:22,760 INFO:Starting processing for: 552_Charge16 @ 25degC
2024-01-22 09:02:24,001 INFO:Completed processing for: 552_Charge15 @ 25degC
2024-01-22 09:02:24,002 INFO:Starting processing for: 552_Charge9 @ 25degC
2024-01-22 09:02:24,204 INFO:Completed processing for: 551_US06 @ 25degC
2024-01-22 09:02:24,215 INFO:Starting processing for: 552_Mixed3 @ 25degC
2024-01-22 09:02:25,161 INFO:Completed processing for: 552_Charge16 @ 25degC
2024-01-22 09:02:25,161 INFO:Starting processing for: 552_Mixed4 @ 25degC
2024-01-22 09:02:26,326 INFO:Completed processing for: 552_Charge9 @ 25degC
2024-01-22 09:02:26,326 INFO:Starting processing for: 552_Mixed5 @ 25degC
2024-01-22 09:03:05,842 INFO:Completed processing for: 552_Mixed3 @ 25degC
2024-01-22 09:03:05,858 INFO:Starting processing for: 552_Mixed6 @ 25degC
2024-01-22 09:03:07,244 INFO:Completed processing for: 552_Mixed5 @ 25degC
2024-01-22 09:03:07,259 INFO:Starting processing for: 552_Mixed7 @ 25degC
2024-01-22 09:03:11,303 INFO:Completed processing for: 552_Mixed4 @ 25degC
2024-01-22 09:03:11,319 INFO:Starting processing for: 552_Mixed8 @ 25degC
2024-01-22 09:03:27,133 INFO:Completed processing for: 551_UDDS @ 25degC
2024-01-22 09:03:27,180 INFO:Starting processing for: 552_PausCycl @ 25degC
2024-01-22 09:03:50,525 INFO:Completed processing for: 552_Mixed7 @ 25degC
2024-01-22 09:03:50,528 INFO:Starting processing for: 555_C20DisCh @ 40degC
2024-01-22 09:03:51,768 INFO:Completed processing for: 552_Mixed6 @ 25degC
2024-01-22 09:03:51,790 INFO:Starting processing for: 555_Dis_0p5C @ 40degC
2024-01-22 09:03:53,650 INFO:Completed processing for: 555_C20DisCh @ 40degC
2024-01-22 09:03:53,651 INFO:Starting processing for: 555_Dis_2C @ 40degC
2024-01-22 09:03:54,031 INFO:Completed processing for: 555_Dis_0p5C @ 40degC
2024-01-22 09:03:54,031 INFO:Starting processing for: 555_HPPC @ 40degC
2024-01-22 09:03:55,768 INFO:Completed processing for: 555_Dis_2C @ 40degC
2024-01-22 09:03:55,768 INFO:Starting processing for: 556_Charge1 @ 40degC
2024-01-22 09:03:58,811 INFO:Completed processing for: 556_Charge1 @ 40degC
2024-01-22 09:03:58,811 INFO:Starting processing for: 556_Charge2 @ 40degC
2024-01-22 09:04:01,337 INFO:Completed processing for: 556_Charge2 @ 40degC
2024-01-22 09:04:01,349 INFO:Starting processing for: 556_Charge3 @ 40degC
2024-01-22 09:04:04,090 INFO:Completed processing for: 552_Mixed8 @ 25degC
2024-01-22 09:04:04,125 INFO:Starting processing for: 556_Charge4 @ 40degC
2024-01-22 09:04:06,117 INFO:Completed processing for: 556_Charge3 @ 40degC
2024-01-22 09:04:06,118 INFO:Starting processing for: 556_Charge5 @ 40degC
2024-01-22 09:04:07,025 INFO:Completed processing for: 552_PausCycl @ 25degC
2024-01-22 09:04:07,044 INFO:Starting processing for: 556_Charge6 @ 40degC
2024-01-22 09:04:07,510 INFO:Completed processing for: 556_Charge4 @ 40degC
2024-01-22 09:04:07,511 INFO:Starting processing for: 556_Charge7 @ 40degC
2024-01-22 09:04:08,665 INFO:Completed processing for: 556_Charge5 @ 40degC
2024-01-22 09:04:08,665 INFO:Starting processing for: 556_Charge8 @ 40degC
2024-01-22 09:04:09,381 INFO:Completed processing for: 556_Charge6 @ 40degC
2024-01-22 09:04:09,381 INFO:Starting processing for: 556_HWFET @ 40degC
2024-01-22 09:04:09,845 INFO:Completed processing for: 556_Charge7 @ 40degC
2024-01-22 09:04:09,846 INFO:Starting processing for: 556_LA92 @ 40degC
2024-01-22 09:04:10,864 INFO:Completed processing for: 556_Charge8 @ 40degC
2024-01-22 09:04:10,864 INFO:Starting processing for: 556_Mixed1 @ 40degC
2024-01-22 09:04:26,041 INFO:Completed processing for: 555_HPPC @ 40degC
2024-01-22 09:04:26,119 INFO:Starting processing for: 556_Mixed2 @ 40degC
2024-01-22 09:04:58,116 INFO:Completed processing for: 556_HWFET @ 40degC
2024-01-22 09:04:58,141 INFO:Starting processing for: 556_UDDS @ 40degC
2024-01-22 09:05:11,148 INFO:Completed processing for: 556_Mixed1 @ 40degC
2024-01-22 09:05:11,158 INFO:Starting processing for: 556_US06 @ 40degC
2024-01-22 09:05:32,247 INFO:Completed processing for: 556_LA92 @ 40degC
2024-01-22 09:05:32,310 INFO:Starting processing for: 557_Cap_1C @ 40degC
2024-01-22 09:05:39,161 INFO:Completed processing for: 557_Cap_1C @ 40degC
2024-01-22 09:05:39,162 INFO:Starting processing for: 557_Charge10 @ 40degC
2024-01-22 09:05:41,169 ERROR:Error processing: 557_Charge10 @ 40degC - index 0 is out of bounds for axis 0 with size 0
2024-01-22 09:05:41,169 INFO:Starting processing for: 557_Charge9 @ 40degC
2024-01-22 09:05:41,653 INFO:Completed processing for: 556_Mixed2 @ 40degC
2024-01-22 09:05:41,684 INFO:Starting processing for: 557_Mixed3 @ 40degC
2024-01-22 09:05:44,574 INFO:Completed processing for: 557_Charge9 @ 40degC
2024-01-22 09:05:44,574 INFO:Starting processing for: 562_Charge10 @ 40degC
2024-01-22 09:05:47,415 INFO:Completed processing for: 562_Charge10 @ 40degC
2024-01-22 09:05:47,416 INFO:Starting processing for: 562_Charge11 @ 40degC
2024-01-22 09:05:50,697 INFO:Completed processing for: 562_Charge11 @ 40degC
2024-01-22 09:05:50,701 INFO:Starting processing for: 562_Charge12 @ 40degC
2024-01-22 09:05:53,664 INFO:Completed processing for: 556_US06 @ 40degC
2024-01-22 09:05:53,685 INFO:Starting processing for: 562_Charge13 @ 40degC
2024-01-22 09:05:54,232 INFO:Completed processing for: 562_Charge12 @ 40degC
2024-01-22 09:05:54,233 INFO:Starting processing for: 562_Charge14 @ 40degC
2024-01-22 09:05:56,216 INFO:Completed processing for: 562_Charge13 @ 40degC
2024-01-22 09:05:56,217 INFO:Starting processing for: 562_Charge15 @ 40degC
2024-01-22 09:05:56,817 INFO:Completed processing for: 562_Charge14 @ 40degC
2024-01-22 09:05:56,818 INFO:Starting processing for: 562_Charge16 @ 40degC
2024-01-22 09:05:59,205 INFO:Completed processing for: 562_Charge15 @ 40degC
2024-01-22 09:05:59,205 INFO:Starting processing for: 562_Mixed4 @ 40degC
2024-01-22 09:05:59,676 INFO:Completed processing for: 562_Charge16 @ 40degC
2024-01-22 09:05:59,677 INFO:Starting processing for: 562_Mixed5 @ 40degC
2024-01-22 09:06:07,944 INFO:Completed processing for: 562_Mixed4 @ 40degC
2024-01-22 09:06:07,950 INFO:Starting processing for: 562_Mixed6 @ 40degC
2024-01-22 09:06:09,212 INFO:Completed processing for: 562_Mixed5 @ 40degC
2024-01-22 09:06:09,212 INFO:Starting processing for: 562_Mixed7 @ 40degC
2024-01-22 09:06:16,616 INFO:Completed processing for: 562_Mixed7 @ 40degC
2024-01-22 09:06:16,616 INFO:Starting processing for: 562_Mixed8 @ 40degC
2024-01-22 09:06:17,514 INFO:Completed processing for: 562_Mixed6 @ 40degC
2024-01-22 09:06:17,514 INFO:Starting processing for: 562_PausCycl @ 40degC
2024-01-22 09:06:25,838 INFO:Completed processing for: 562_PausCycl @ 40degC
2024-01-22 09:06:25,838 INFO:Starting processing for: 593_C20DisCh @ n10degC
2024-01-22 09:06:29,784 INFO:Completed processing for: 562_Mixed8 @ 40degC
2024-01-22 09:06:29,789 INFO:Starting processing for: 593_Dis_0p5C @ n10degC
2024-01-22 09:06:30,417 INFO:Completed processing for: 557_Mixed3 @ 40degC
2024-01-22 09:06:30,441 INFO:Starting processing for: 593_Dis_2C @ n10degC
2024-01-22 09:06:30,910 INFO:Completed processing for: 593_C20DisCh @ n10degC
2024-01-22 09:06:30,911 INFO:Starting processing for: 593_HPPC @ n10degC
2024-01-22 09:06:32,769 INFO:Completed processing for: 593_Dis_0p5C @ n10degC
2024-01-22 09:06:32,770 INFO:Starting processing for: 596_Cap_1C @ n10degC
2024-01-22 09:06:33,112 INFO:Completed processing for: 593_Dis_2C @ n10degC
2024-01-22 09:06:33,112 INFO:Starting processing for: 596_Charge1 @ n10degC
2024-01-22 09:06:36,073 INFO:Completed processing for: 596_Cap_1C @ n10degC
2024-01-22 09:06:36,073 INFO:Starting processing for: 596_Charge2 @ n10degC
2024-01-22 09:06:36,097 INFO:Completed processing for: 596_Charge1 @ n10degC
2024-01-22 09:06:36,097 INFO:Starting processing for: 596_Charge3 @ n10degC
2024-01-22 09:06:38,790 INFO:Completed processing for: 596_Charge2 @ n10degC
2024-01-22 09:06:38,790 INFO:Starting processing for: 596_Charge4 @ n10degC
2024-01-22 09:06:38,991 INFO:Completed processing for: 596_Charge3 @ n10degC
2024-01-22 09:06:38,991 INFO:Starting processing for: 596_Charge5 @ n10degC
2024-01-22 09:06:41,400 INFO:Completed processing for: 596_Charge4 @ n10degC
2024-01-22 09:06:41,401 INFO:Starting processing for: 596_HWFET @ n10degC
2024-01-22 09:06:41,452 INFO:Completed processing for: 596_Charge5 @ n10degC
2024-01-22 09:06:41,452 INFO:Starting processing for: 596_LA92 @ n10degC
2024-01-22 09:06:54,826 INFO:Completed processing for: 556_UDDS @ 40degC
2024-01-22 09:06:54,866 INFO:Starting processing for: 596_UDDS @ n10degC
2024-01-22 09:06:56,457 INFO:Completed processing for: 593_HPPC @ n10degC
2024-01-22 09:06:56,465 INFO:Starting processing for: 601_Charge6 @ n10degC
2024-01-22 09:06:58,831 INFO:Completed processing for: 601_Charge6 @ n10degC
2024-01-22 09:06:58,831 INFO:Starting processing for: 601_Charge7 @ n10degC
2024-01-22 09:07:01,267 INFO:Completed processing for: 601_Charge7 @ n10degC
2024-01-22 09:07:01,267 INFO:Starting processing for: 601_Charge8 @ n10degC
2024-01-22 09:07:03,600 INFO:Completed processing for: 601_Charge8 @ n10degC
2024-01-22 09:07:03,600 INFO:Starting processing for: 601_Mixed1 @ n10degC
2024-01-22 09:07:08,208 INFO:Completed processing for: 596_HWFET @ n10degC
2024-01-22 09:07:08,216 INFO:Starting processing for: 601_Mixed2 @ n10degC
2024-01-22 09:07:23,842 INFO:Completed processing for: 596_LA92 @ n10degC
2024-01-22 09:07:23,864 INFO:Starting processing for: 601_US06 @ n10degC
2024-01-22 09:07:41,389 INFO:Completed processing for: 601_Mixed1 @ n10degC
2024-01-22 09:07:41,400 INFO:Starting processing for: 602_Cap_1C @ n10degC
2024-01-22 09:07:43,592 INFO:Completed processing for: 602_Cap_1C @ n10degC
2024-01-22 09:07:43,593 INFO:Starting processing for: 602_Charge10 @ n10degC
2024-01-22 09:07:43,885 INFO:Completed processing for: 601_US06 @ n10degC
2024-01-22 09:07:43,889 INFO:Starting processing for: 602_Charge11 @ n10degC
2024-01-22 09:07:45,950 INFO:Completed processing for: 602_Charge10 @ n10degC
2024-01-22 09:07:45,950 INFO:Starting processing for: 602_Charge12 @ n10degC
2024-01-22 09:07:46,281 INFO:Completed processing for: 602_Charge11 @ n10degC
2024-01-22 09:07:46,281 INFO:Starting processing for: 602_Charge17 @ n10degC
2024-01-22 09:07:46,801 INFO:Completed processing for: 601_Mixed2 @ n10degC
2024-01-22 09:07:46,822 INFO:Starting processing for: 602_Mixed4 @ n10degC
2024-01-22 09:07:48,295 INFO:Completed processing for: 602_Charge12 @ n10degC
2024-01-22 09:07:48,295 INFO:Starting processing for: 602_Mixed5 @ n10degC
2024-01-22 09:07:48,503 INFO:Completed processing for: 602_Charge17 @ n10degC
2024-01-22 09:07:48,504 INFO:Starting processing for: 604_Charge10 @ n10degC
2024-01-22 09:07:50,702 INFO:Completed processing for: 604_Charge10 @ n10degC
2024-01-22 09:07:50,703 INFO:Starting processing for: 604_Charge13 @ n10degC
2024-01-22 09:07:52,893 INFO:Completed processing for: 604_Charge13 @ n10degC
2024-01-22 09:07:52,894 INFO:Starting processing for: 604_Charge14 @ n10degC
2024-01-22 09:07:55,103 INFO:Completed processing for: 604_Charge14 @ n10degC
2024-01-22 09:07:55,103 INFO:Starting processing for: 604_Charge15 @ n10degC
2024-01-22 09:07:57,494 INFO:Completed processing for: 604_Charge15 @ n10degC
2024-01-22 09:07:57,495 INFO:Starting processing for: 604_Charge16 @ n10degC
2024-01-22 09:07:59,557 INFO:Completed processing for: 604_Charge16 @ n10degC
2024-01-22 09:07:59,557 INFO:Starting processing for: 604_Charge17 @ n10degC
2024-01-22 09:08:01,837 INFO:Completed processing for: 604_Charge17 @ n10degC
2024-01-22 09:08:01,837 INFO:Starting processing for: 604_Charge9 @ n10degC
2024-01-22 09:08:04,222 INFO:Completed processing for: 604_Charge9 @ n10degC
2024-01-22 09:08:04,222 INFO:Starting processing for: 604_Mixed3 @ n10degC
2024-01-22 09:08:06,341 INFO:Completed processing for: 596_UDDS @ n10degC
2024-01-22 09:08:06,385 INFO:Starting processing for: 604_Mixed6 @ n10degC
2024-01-22 09:08:25,279 INFO:Completed processing for: 602_Mixed5 @ n10degC
2024-01-22 09:08:25,282 INFO:Starting processing for: 604_Mixed7 @ n10degC
2024-01-22 09:08:26,951 INFO:Completed processing for: 602_Mixed4 @ n10degC
2024-01-22 09:08:26,964 INFO:Starting processing for: 604_Mixed8 @ n10degC
2024-01-22 09:08:38,818 INFO:Completed processing for: 604_Mixed3 @ n10degC
2024-01-22 09:08:38,833 INFO:Starting processing for: 604_PausCycl @ n10degC
2024-01-22 09:08:41,218 INFO:Completed processing for: 604_Mixed6 @ n10degC
2024-01-22 09:08:41,218 INFO:Starting processing for: 607_C20DisCh @ n20degC
2024-01-22 09:08:44,361 INFO:Completed processing for: 607_C20DisCh @ n20degC
2024-01-22 09:08:44,363 INFO:Starting processing for: 607_Dis_0p5C @ n20degC
2024-01-22 09:08:46,572 INFO:Completed processing for: 607_Dis_0p5C @ n20degC
2024-01-22 09:08:46,572 INFO:Starting processing for: 607_Dis_2C @ n20degC
2024-01-22 09:08:48,823 INFO:Completed processing for: 607_Dis_2C @ n20degC
2024-01-22 09:08:48,823 INFO:Starting processing for: 607_HPPC @ n20degC
2024-01-22 09:08:53,594 INFO:Completed processing for: 604_PausCycl @ n10degC
2024-01-22 09:08:53,599 INFO:Starting processing for: 610_Cap_1C @ n20degC
2024-01-22 09:08:55,811 INFO:Completed processing for: 610_Cap_1C @ n20degC
2024-01-22 09:08:55,811 INFO:Starting processing for: 610_Charge1 @ n20degC
2024-01-22 09:08:58,189 INFO:Completed processing for: 610_Charge1 @ n20degC
2024-01-22 09:08:58,189 INFO:Starting processing for: 610_Charge2 @ n20degC
2024-01-22 09:08:58,828 INFO:Completed processing for: 604_Mixed7 @ n10degC
2024-01-22 09:08:58,845 INFO:Starting processing for: 610_Charge3 @ n20degC
2024-01-22 09:09:00,870 INFO:Completed processing for: 610_Charge2 @ n20degC
2024-01-22 09:09:00,871 INFO:Starting processing for: 610_Charge4 @ n20degC
2024-01-22 09:09:01,279 INFO:Completed processing for: 610_Charge3 @ n20degC
2024-01-22 09:09:01,279 INFO:Starting processing for: 610_Charge5 @ n20degC
2024-01-22 09:09:03,228 INFO:Completed processing for: 610_Charge4 @ n20degC
2024-01-22 09:09:03,228 INFO:Starting processing for: 610_Charge6 @ n20degC
2024-01-22 09:09:03,697 INFO:Completed processing for: 610_Charge5 @ n20degC
2024-01-22 09:09:03,697 INFO:Starting processing for: 610_Charge7 @ n20degC
2024-01-22 09:09:05,568 INFO:Completed processing for: 610_Charge6 @ n20degC
2024-01-22 09:09:05,568 INFO:Starting processing for: 610_Charge8 @ n20degC
2024-01-22 09:09:05,883 INFO:Completed processing for: 610_Charge7 @ n20degC
2024-01-22 09:09:05,883 INFO:Starting processing for: 610_HWFET @ n20degC
2024-01-22 09:09:06,922 INFO:Completed processing for: 604_Mixed8 @ n10degC
2024-01-22 09:09:06,931 INFO:Starting processing for: 610_LA92 @ n20degC
2024-01-22 09:09:07,962 INFO:Completed processing for: 610_Charge8 @ n20degC
2024-01-22 09:09:07,962 INFO:Starting processing for: 610_Mixed1 @ n20degC
2024-01-22 09:09:11,691 INFO:Completed processing for: 607_HPPC @ n20degC
2024-01-22 09:09:11,699 INFO:Starting processing for: 610_Mixed2 @ n20degC
2024-01-22 09:09:26,379 INFO:Completed processing for: 610_HWFET @ n20degC
2024-01-22 09:09:26,390 INFO:Starting processing for: 610_UDDS @ n20degC
2024-01-22 09:09:35,671 INFO:Completed processing for: 610_Mixed1 @ n20degC
2024-01-22 09:09:35,676 INFO:Starting processing for: 610_US06 @ n20degC
2024-01-22 09:09:37,793 INFO:Completed processing for: 610_Mixed2 @ n20degC
2024-01-22 09:09:37,800 INFO:Starting processing for: 611_Cap_1C @ n20degC
2024-01-22 09:09:37,801 INFO:Completed processing for: 610_LA92 @ n20degC
2024-01-22 09:09:37,812 INFO:Starting processing for: 611_Charge10 @ n20degC
2024-01-22 09:09:39,885 INFO:Completed processing for: 611_Cap_1C @ n20degC
2024-01-22 09:09:39,886 INFO:Starting processing for: 611_Charge11 @ n20degC
2024-01-22 09:09:40,092 INFO:Completed processing for: 611_Charge10 @ n20degC
2024-01-22 09:09:40,092 INFO:Starting processing for: 611_Charge12 @ n20degC
2024-01-22 09:09:42,276 INFO:Completed processing for: 611_Charge11 @ n20degC
2024-01-22 09:09:42,277 INFO:Starting processing for: 611_Charge13 @ n20degC
2024-01-22 09:09:42,414 INFO:Completed processing for: 611_Charge12 @ n20degC
2024-01-22 09:09:42,414 INFO:Starting processing for: 611_Charge14 @ n20degC
2024-01-22 09:09:44,462 INFO:Completed processing for: 611_Charge13 @ n20degC
2024-01-22 09:09:44,462 INFO:Starting processing for: 611_Charge15 @ n20degC
2024-01-22 09:09:44,646 INFO:Completed processing for: 611_Charge14 @ n20degC
2024-01-22 09:09:44,646 INFO:Starting processing for: 611_Charge17 @ n20degC
2024-01-22 09:09:46,786 INFO:Completed processing for: 611_Charge15 @ n20degC
2024-01-22 09:09:46,788 INFO:Starting processing for: 611_Charge9 @ n20degC
2024-01-22 09:09:47,112 INFO:Completed processing for: 611_Charge17 @ n20degC
2024-01-22 09:09:47,113 INFO:Starting processing for: 611_Mixed3 @ n20degC
2024-01-22 09:09:49,327 INFO:Completed processing for: 611_Charge9 @ n20degC
2024-01-22 09:09:49,327 INFO:Starting processing for: 611_Mixed4 @ n20degC
2024-01-22 09:09:53,611 INFO:Completed processing for: 610_US06 @ n20degC
2024-01-22 09:09:53,611 INFO:Starting processing for: 611_Mixed5 @ n20degC
2024-01-22 09:10:15,021 INFO:Completed processing for: 611_Mixed3 @ n20degC
2024-01-22 09:10:15,021 INFO:Starting processing for: 611_Mixed6 @ n20degC
2024-01-22 09:10:15,770 INFO:Completed processing for: 610_UDDS @ n20degC
2024-01-22 09:10:15,786 INFO:Starting processing for: 611_Mixed7 @ n20degC
2024-01-22 09:10:18,642 INFO:Completed processing for: 611_Mixed4 @ n20degC
2024-01-22 09:10:18,658 INFO:Starting processing for: 611_Mixed8 @ n20degC
2024-01-22 09:10:21,473 INFO:Completed processing for: 611_Mixed5 @ n20degC
2024-01-22 09:10:21,488 INFO:Starting processing for: 611_PausCycl @ n20degC
2024-01-22 09:10:34,124 INFO:Completed processing for: 611_PausCycl @ n20degC
2024-01-22 09:10:40,750 INFO:Completed processing for: 611_Mixed7 @ n20degC
2024-01-22 09:10:41,547 INFO:Completed processing for: 611_Mixed6 @ n20degC
2024-01-22 09:10:44,360 INFO:Completed processing for: 611_Mixed8 @ n20degC
